$title=DATA1
 -1.781269   1.833640
  1.718563   1.228938
  0.678696   2.214829
 -0.608834   1.432873
  0.446480   1.109846
  0.712832   2.195110
  4.590624   1.058267
  3.427130   1.739369
 -0.807719   1.751078
  3.749573   1.637337
  2.248359  -0.141998
  0.301819   2.183900
  0.651982   3.101047
 -0.058578   2.623081
  0.075587   2.518374
  2.247687   1.464432
  2.008834   1.783618
  1.995039   1.828968
  1.235139   1.817366
 -0.480811   1.381425
  1.445935   1.482235
  2.377598   1.493833
  1.243058   1.417691
  1.365485   2.313468
  0.419583   3.601925
  0.681548   0.902330
  0.812002   1.889871
  0.196779   0.877847
  1.038958   2.674157
 -1.218577   3.017426
 -0.031227   0.752891
 -1.042032   3.365215
 -2.283027   1.420545
  2.024390   1.813425
  0.497992   2.597959
 -0.338132   2.039969
  1.208067   3.340262
 -2.315533   4.075913
  0.376590   1.948658
  0.958519   0.465970
  1.016582   1.524602
  1.182957   1.170946
 -0.130882   1.385129
  0.909414   1.010358
  0.329874   1.912677
  0.466322   3.298042
  1.986292   1.166596
  1.847589   1.483935
 -0.822282   2.801984
  0.186959   2.713727
 -0.960095   2.347892
 -1.044277   2.731386
  0.217868   2.473659
  2.345437   1.354644
 -0.455247   2.248581
  1.049833   1.566149
  0.614527   1.202927
  1.528093   2.154446
 -0.673797   2.024878
  0.640281   1.692358
  1.035374   1.976148
  1.383233   2.415594
  2.080178   1.921560
  0.561561   1.965470
 -1.188784   2.232973
 -0.289943   1.967913
 -0.341837   1.403559
  2.817851   2.105787
 -0.638825   2.947637
  1.544783   1.344801
 -0.363595   3.273354
  1.569627   1.589111
 -0.208717   1.754411
 -0.669076   1.357475
 -0.728755   1.437324
  1.411718   1.071222
  0.217351   2.116605
 -0.248924   3.031156
  1.895755   2.036502
  0.549139   2.422760
  0.271991   2.792747
  3.165124  -0.206402
 -0.279236   1.815463
  1.170480   2.002395
  1.190776   2.251660
  0.740030   0.908132
  1.133593   1.067820
 -1.016925   2.565514
 -0.671985   1.897503
  0.453604   2.226082
  1.669635   1.035183
  3.942350   0.299176
 -0.462404   2.479054
  0.313847   2.685120
 -0.137690   3.042105
 -1.020061   0.960813
  0.538651   0.910020
 -0.890169   0.985647
  1.468766   1.694127
 -0.209657   1.497644
  0.175394   2.785125
  0.465974   0.836997
  1.493544   0.516022
 -0.190436   2.062524
  0.643906   2.645523
  1.631676   1.148760
  2.857909   0.682819
  0.379605   1.749537
 -1.206511   0.910994
 -0.383851   1.955697
  1.717264   2.265705
 -0.709271   2.132950
  2.270125   0.308146
  0.865463   1.423881
  2.212255   1.425606
 -2.250591   3.419353
 -0.006018   2.530833
 -0.758618   1.948935
  3.238226   2.416783
  1.812048   0.960104
  2.165909   1.399182
 -1.122622   3.007821
 -0.512114   2.997126
 -0.021360   2.405191
  1.559105   2.051253
  0.444984   1.439926
  1.035271   2.289296
 -1.402105   1.492824
 -0.054173   2.301407
 -0.461282   2.147689
 -1.590270   2.874740
  1.244207   1.455410
  0.616893   2.264007
  0.289650   2.411520
 -0.594022   1.347994
  1.710783   1.802035
  0.346483   2.960352
  0.171301   1.955243
  0.673326   1.604461
  0.088242   2.202994
 -1.271687   1.859434
  0.067301   2.196150
 -0.320325   1.843020
 -0.523263   1.947663
 -0.888297   2.322232
 -0.532669   2.902791
 -1.807641   2.425640
  0.997563   2.918086
  1.832203   0.278030
  0.676983   1.506851
  0.415109   2.011560
 -0.032890   1.324791
  2.105899   0.765313
  0.171105   2.303935
 -0.461072   2.376284
  1.907109   1.870632
  0.150827   2.153147
  0.207797   1.271652
  0.395947   1.506879
 -0.348455   1.865785
 -0.436740   1.474735
  3.172397   1.749201
  1.494032   3.354244
  1.045911   1.440097
 -1.065051   2.472276
 -0.034791   1.187337
 -0.135288   2.839703
  1.748081   1.019964
 -0.989315   2.160092
 -1.780399   1.682714
 -1.225761   2.397848
  0.897179   1.798884
  0.980089   1.750761
 -0.027773   3.939059
  0.621634   1.388524
  0.754736   1.775622
 -0.943832   3.864387
  1.888741   0.880515
 -1.145178   2.416563
  1.419857   0.984926
 -0.757267   2.700375
  0.055096   2.117717
  0.906377   2.240552
  1.770484   1.494268
 -0.768703   2.159003
  1.383808   2.750529
  2.073424   0.078787
  1.049549   0.644296
  0.175812   2.164095
  0.535306   1.381730
  0.313529   1.655825
  1.099740   0.732545
  0.918150   1.163310
  1.583200   1.429993
  2.462682   1.102943
  1.357496   1.137447
  0.460361   1.551608
  1.557370   1.060986
  0.256079   2.794669
 -0.230403   1.242429
  0.920381   3.044448
  1.006729   1.519251
  1.205775   0.751125
  1.321298   1.312990
  0.487437   2.485600
 -0.867480   2.730985
  0.303217   1.972542
  0.275351   2.063738
 -0.269342   2.367395
  2.894814   0.544780
 -0.208368   1.520844
  0.666706   0.553897
 -0.077446   1.596870
 -1.082935   2.682966
  0.070744   2.385276
 -0.581768   3.548160
  2.145905   1.757421
  1.039727   0.283942
 -1.228502   3.211731
  1.825754   2.566409
  2.092672   1.245968
  0.207482   2.027060
 -1.383899   2.601490
 -0.085050   2.173929
  0.117875   2.365097
  0.879061   1.715312
  0.266880   1.839331
  0.989476   1.840906
  1.248152   1.203567
 -1.336210   3.040462
 -0.498045   1.961697
 -0.516509   2.433872
  0.290726   1.272568
  0.573875   1.086596
  0.583891   1.765519
 -2.673990   2.041991
 -0.389145   2.769951
  1.674754   2.117148
 -0.819106   2.369075
  2.073897   0.652362
  1.266692   1.078335
  0.433569   1.985906
  0.861356   1.554928
 -1.631273   2.983815
 -0.035572   2.828924
  2.494580   1.199335
  0.330969   2.463227
  0.082219   2.852403
 -0.377843   2.164793
 -0.078238   3.029025
  0.409867   2.583244
  0.925703   1.935583
 -0.183271   2.525667
  0.210156   2.007251
  2.892663   1.266530
 -2.052909   2.390322
  2.955155   1.570796
  1.036464   1.522483
  0.992636   3.003413
 -1.355931   2.212462
 -1.084968   3.913927
  0.340765   1.652706
  0.796086   2.193007
 -1.850831   3.212118
  0.072846   3.775145
 -0.893435   2.214204
  0.893294   1.245443
  0.960673   2.338596
  1.367672   0.822929
  1.816154   1.492290
  1.536946   1.902647
 -0.706242   3.011397
  0.302395   2.854971
 -0.481982   1.936363
 -1.234728   2.683545
  1.661132   1.477989
  0.300574   2.318971
 -0.209226   3.246344
  1.474723   1.830525
  1.293670   1.536117
  1.098811   1.421490
  1.643656   2.197145
  1.071609   2.694299
  0.036562   3.362424
 -0.234332   1.963237
 -0.231120   2.038165
  2.064218   1.214757
 -1.797733   3.226085
  0.538063   1.781704
 -1.417161   1.739862
  0.866692   3.303954
  1.186580   2.316164
  0.281980   2.359342
  0.821144   1.105263
 -2.328484   2.475354
  0.984668   2.140024
 -1.460674   1.317322
 -1.909756   1.969550
  0.770055   1.526393
 -0.685686   2.344429
  1.347464   1.041575
  0.885053   2.544987
  0.832504   3.032071
 -0.106858   1.700810
  1.030686   1.769117
  0.465643   2.192547
  1.006616   2.609427
  0.934922   2.147247
  1.374099   2.008552
  0.567018   1.496771
  0.460231   1.683152
  1.416291   2.153011
 -2.381128   3.344577
 -0.216304   2.316496
 -0.414894   1.114061
 -0.034757   2.201346
  1.277884   1.682011
  1.525396   1.547528
 -0.490173   1.804927
  0.339695   1.249572
  0.802121   1.580696
  0.500858   1.296251
  0.997615   1.526884
  0.931596   1.867969
 -0.538688   2.082632
  0.422248   1.698625
 -1.731942   1.998926
  1.774225   1.709789
 -0.312538   2.251880
 -1.234463   2.930679
  0.038395   2.321863
 -0.916974   1.809162
  0.300419   2.275382
  0.014519   1.726574
  3.550578   0.244338
  2.620753  -0.036291
 -1.569699   0.900970
  1.103848   1.602555
 -0.764283   1.560899
  0.517937   1.338615
  0.702312   1.842356
  1.589205   1.253214
  0.466167   1.406729
  2.037432   2.076385
 -0.267264   2.470401
  0.020701   3.579146
  1.153868   1.969405
  0.609618   1.865608
  1.704002   1.298161
  0.960049   1.648656
 -0.299062   1.898691
 -0.800700   0.780175
  2.656170   1.403569
 -0.390238   2.462397
  0.855082   1.401665
  0.974333   2.123352
  0.305875   2.546583
 -0.835014   2.741772
 -0.250878   2.464652
  1.212128   0.191982
  2.352431   1.227623
 -0.724139   2.607187
  1.251520   2.021523
  0.872378   1.797348
  0.125995   2.184853
 -1.019977   2.800392
  0.172746   1.983630
  0.715282   1.288515
 -0.999602   1.892608
  0.821714   1.656452
 -0.680440   2.598699
  0.287033   2.148655
  0.707801   2.191937
 -0.501591   2.059897
  0.353364   1.605528
  0.897364   1.833264
 -1.541470   2.231419
  2.168571   0.673428
  3.116587   1.650124
  1.250852   2.389836
  0.232942   1.794071
  0.440916   2.931922
 -0.792785   2.379741
  2.735644   1.281476
  1.618418   1.598706
  1.494725   1.529664
 -0.503678   2.124604
  0.615759   2.346057
  0.033739   1.692238
  0.033709   2.210727
 -0.713370   3.195866
 -0.914688   2.650626
 -0.749048   2.557484
  0.601117   1.263302
 -1.122768   1.662649
  1.113053   1.932910
  0.445349   1.775341
  1.882783   0.550686
  1.374859   0.687661
  0.708428   2.522617
 -0.807248   1.470317
 -1.320106   3.491405
  0.847399   0.261607
  0.496241   2.148912
  1.767960   1.687690
  0.492823   1.316678
  1.767943   1.966643
  1.340720   1.189635
  1.509250   2.312190
  0.652075   1.866456
  0.409678   0.716344
 -0.207548   0.247230
  0.808988   1.605426
  1.019025   2.568254
  0.153710   2.004831
 -0.071343   1.943954
 -0.045505   2.378617
 -0.157989   0.953968
 -0.511082   2.943785
  0.661257   1.201516
  0.574096   1.855638
  0.598546   1.575408
  1.150482   1.864191
  1.354347   0.392916
  1.968631   2.716333
  0.682043   2.193826
  1.783910   3.074191
 -0.758825   2.967303
  1.107576   1.773896
  0.590789   1.178683
  1.815678   0.480008
  1.179067   1.769169
 -1.924087   2.278715
 -1.284178   2.773662
 -0.692166   1.323341
  0.690651   2.364847
  2.114819   1.695276
  0.458907   1.308664
  1.145545   2.296373
  1.037109   1.957925
 -0.524461   1.798015
  0.297584   3.159683
 -0.500564   2.378599
  2.230216   1.555968
  0.402639   2.041697
  2.289966   1.685192
  0.012012   2.016484
  1.017547   2.090118
  0.685698   1.399220
 -1.380722   1.511787
 -0.662392   2.226113
  0.529222   3.137465
  0.587890   1.615890
 -0.318677   1.236166
 -0.059627   1.740239
  0.983302   1.446326
 -0.427476   1.722721
  1.429962   2.056117
 -0.114184   1.821741
  2.722836   1.162764
 -0.480393   1.648581
  1.229214   0.837615
 -0.812202   1.400845
  0.255632   0.891133
  0.076008   1.532366
  1.364421   0.985563
  1.818415   1.192607
  0.973453   1.573508
  0.561558   1.001549
  1.433636   1.713724
  1.286500   1.979830
  1.014226   1.111508
  0.760858   2.576991
  1.556627   0.616466
 -0.397754   1.674644
  1.898290   0.645826
 -0.055177   1.666408
  0.354185   0.940944
  0.936765   1.389117
  0.468129   1.330354
  0.819024   0.981532
  1.927382   0.241466
  1.476207   2.112478
 -0.395600   3.327185
  0.097378   3.422650
  0.454423   1.503718
  0.804469   1.770300
  1.184406   1.434981
 -0.162066   1.969758
  1.166852   1.124040
  1.881491   0.347401
  0.651371   1.795152
  2.862950   0.710210
  0.556644   0.517066
 -1.117506   3.671725
 -1.286302   1.890028
  1.385377   2.011931
  1.055195   2.596186
  1.054899   0.608095
  1.368964   2.020291
  0.557958   2.178166
  0.824883   1.857051
  0.604194   1.934993
  1.206666   1.389352
  0.389133   2.351213
  3.881221   0.848099
 -0.448534   1.401130
 -1.744020   2.607017
 -1.310841   3.219572
 -0.515665   1.692429
  0.246131   1.519628
  0.207628   2.155193
 -0.085230   2.649107
  0.780597   2.473796
  0.865133   1.981524
  1.584200   1.270792
  2.250375   2.064921
  1.899438   1.616839
 -1.355220   3.010935
 -1.496165   1.103222
  1.470268   1.820326
 -1.926123   3.018701
  0.787979   1.462058
  0.800473   1.370818
  3.300563   0.859472
  0.562191   1.638367
  0.056526   1.752668
  0.745691   1.903579
  1.122497   1.153802
  0.584422   1.885345
  0.090821   1.469871
 -0.662907   1.722184
  1.183362   1.177766
 -0.824968   1.801098
 -1.868115   4.587340
  0.766630   4.161158
 -0.330413   2.729849
  0.102300   2.429757
  1.977101   0.779156
  0.420190   1.443940
  1.882036   1.245661
 -0.030529   2.271489
  1.468547   2.056680
  1.184840   1.831709
  0.427505   1.611882
 -0.073988   1.267033
 -0.601410   1.973318
 -0.165371   2.704811
 -0.093279   2.204383
  0.027205   2.019813
  1.374061   2.188513
  0.003555   2.301247
  2.364301   0.499239
 -0.048625   1.916733
  1.750725   1.394978
  0.697936   0.409298
  1.206724   0.836134
  1.710683   1.473047
 -0.209719   2.493321
  0.142125   1.722588
  2.627639   1.766012
  1.896523   1.051443
  0.840540   0.307120
  1.211436   1.818480
  0.486314   1.182751
  0.886592   2.602544
  1.458803   2.923032
 -1.078204   1.769629
  1.231411   2.575458
  1.785027   2.344182
  1.097000   0.789446
  2.453354   1.582523
  0.613403   2.005288
 -0.998607   2.378362
 -2.096386   2.615464
 -0.067712   2.372033
  1.072209   2.238943
  0.995820   1.563294
  0.852538   2.058411
  0.716666   0.255828
  1.113745   0.957912
 -1.679911   2.928720
 -0.053953   1.447833
 -0.472455   2.180611
  0.563291   2.872927
  0.841085   1.183499
 -0.377961   1.280157
  0.704023   1.473596
 -0.372554   2.247130
 -0.115701   1.770264
  1.830482   1.004154
  1.225535   0.665019
  1.104766   1.510452
  1.580673   1.556770
  0.926162   1.417759
  1.232164   1.570095
  1.675145   0.941402
  1.616821   2.084784
  1.836481   0.176457
  2.025371   1.756506
  0.322330   2.321842
  0.789959   1.217287
  2.412894   1.570945
 -0.122671   2.114205
  0.755020   1.383287
  1.545375   1.704358
  0.553158   2.116804
  2.405446   0.963724
  1.365465   2.312310
  0.462915   2.599106
 -0.425367   2.170592
  1.150043   1.771344
 -0.551922   1.159094
  0.626686   2.165204
  1.855134   0.836732
  0.199299   2.973426
  1.307819   2.105885
  2.665403   1.763286
  1.686098   1.425043
  1.609303   0.202365
  1.666074   0.873219
  0.870475   2.046658
 -1.760960   3.774804
 -0.181822   2.431136
  1.761681   1.902037
  0.684565   1.441871
  1.128746   1.847936
 -0.904765   2.670718
  0.699103   1.639152
  0.513510   3.143943
 -0.508910   1.115437
  1.051561   1.512664
  0.320620   1.895981
  0.214294   0.522282
  0.293931   2.253632
 -1.557538   2.137348
 -1.811143   2.169581
 -1.030447   2.569907
 -0.916559   2.728376
 -1.028887   2.574887
 -1.175179   1.714072
  0.868598   1.762250
 -1.327053   2.300355
  1.108643   0.897403
  1.767334   0.971448
  0.688392   1.520896
  0.611312   1.878776
 -0.517002   3.197091
 -1.364687   2.611507
  0.648624   1.514899
  1.810790   1.247460
  1.882477   2.733443
 -0.911862   3.895482
 -1.296457   2.168176
  0.890785   1.460911
  1.454586   0.748481
 -0.059479   2.578757
 -0.818769   2.195738
  2.326504   2.425972
 -1.708666   1.473701
 -0.104586   2.076663
 -0.668525   1.525702
 -0.613153   2.852018
  1.081894   1.388158
  0.719517   1.751814
 -0.112393   1.671020
  1.028198   2.462238
  1.062503   2.067379
  1.603629   1.012964
  0.300602   1.424959
  2.055901   0.930369
  1.076553   2.119097
  3.153590   1.751493
  2.283650   0.495749
  2.482901   0.284449
  0.609914   1.797360
 -1.116982   2.512839
  0.072422   2.005974
  0.265308   0.799602
  0.479480   0.768545
  0.831841   2.397965
 -0.017171   1.799560
 -0.299615   1.666785
 -0.380697   2.852816
  0.647967   1.270393
  0.935329   1.880080
 -0.650739   2.264219
  0.589505   2.394233
  0.929182   1.196877
  1.853305   1.923989
 -0.680609   3.878235
  0.933772   0.741230
 -0.894983   2.304503
 -0.890090   1.845280
  1.172853   1.186677
  0.564116   1.255844
  0.908237   2.133762
 -1.266111   3.648928
  2.903023   1.003457
  0.476876   2.214926
  1.879651   1.287642
 -0.418716   3.313649
  0.165141   2.254636
  1.339410   1.643042
  0.921187   2.216503
 -0.681602   1.975341
 -1.530389   2.845418
 -0.592627   1.840354
 -0.603514   1.195007
  0.514207   2.006974
 -0.470617   3.032709
  0.565704   1.003694
 -0.859088   1.832894
  1.027095   2.469878
  1.705457   0.367925
  0.215614   2.304442
  1.380841   2.253681
 -0.491699   2.104080
  1.266048   1.214854
  0.920087   1.783378
  0.884989   1.856882
 -0.592816   2.614863
  0.655973   2.278267
  0.101987   1.643804
 -1.020669   3.138923
 -0.755869   1.952925
  1.960583   1.102738
 -0.227296   1.622111
  0.041175   2.486346
 -0.849997   2.134160
 -0.105090   2.524682
 -3.010643   2.304607
 -1.539337   3.799785
 -0.419923   0.797074
 -0.419065   1.660508
  0.335381   1.799796
  0.150967   1.941644
  2.135072   2.649684
 -0.164383   2.069195
  0.306296   1.782081
 -1.197766   2.088119
 -0.252326   2.447310
 -0.673659   1.501867
  0.408990   2.160727
  2.029059   0.574728
  1.006638   1.723546
  0.111694   1.233887
 -1.005723   1.566709
  2.027990   1.851491
  3.176138   0.742015
  1.023782   1.092581
  0.002247   0.850258
  2.642819   0.043120
 -0.054079   1.799710
 -0.391586   2.748075
  1.569233   1.585227
 -0.888542   1.842203
 -1.220066   1.320093
  0.428343   2.940967
  1.064006   1.598814
  0.177220   2.770994
  0.949296   2.034950
  1.811854   1.500261
  1.207454   2.501807
 -0.434574   2.628607
  1.460652   1.646877
  0.261675   2.762263
 -0.652418   3.206572
 -0.739706   1.940784
  1.334691   1.562223
  0.007012   2.176729
  0.462113   2.085949
 -0.616440   2.529412
 -1.060980   1.847803
  0.468212   2.336297
  0.093790   2.611354
  1.781128   1.808372
  1.356675   1.842202
  2.135881   0.776687
  0.141950   1.070657
  0.041133   0.883225
 -0.399527   1.085794
  1.136187   1.655381
  4.157522   0.286583
  0.525176   3.387376
 -0.570289   2.476766
  2.191414   0.208074
 -0.278267   1.133349
 -0.976801   1.940312
  1.934219   0.483866
 -0.145419   1.597515
  0.490801   2.593337
  2.129818   1.530892
  0.999082   1.732431
  1.910432   0.978190
 -1.013617   1.634813
  1.743664   0.756246
  2.738360   1.823270
  1.289811   1.431774
 -1.423151   2.608873
 -0.127594   2.768086
 -0.393776   2.689225
  0.967727   1.758555
  1.167639   1.410556
  1.418784   0.883092
  0.098574   1.968105
 -0.459809   2.615749
  0.017206   1.660335
  1.530344   1.595816
 -1.703501   2.526845
  0.001780   2.494709
  1.340678   0.759112
 -0.245689   2.065410
  0.987684   1.915566
  0.514128   1.732260
 -0.805488   2.610866
  0.844217   1.545699
  0.541658   1.262524
 -0.008171   2.089659
 -0.402728   2.263676
  0.682674   1.666309
 -1.760505   2.657894
  0.647935   0.771809
  0.330682   1.115800
  0.645536  -0.301797
  1.062191   2.131657
  0.092668   1.202136
  1.217848   1.577914
  1.239476   2.447632
  0.348353   1.891696
  0.998501   1.474629
  1.539200   1.128240
  0.535609   1.668037
  0.911036   2.206003
 -0.294862   0.885395
  1.772738   1.639460
 -0.821774   2.536528
 -0.946461   1.029061
  1.806906   2.145139
  0.224205   2.343351
  1.343494   1.128301
  0.681325   0.777168
 -0.730314   2.284298
 -3.102345   2.826199
  1.012753   2.177303
 -0.048505   2.430864
  0.746562   0.992154
  0.770419   2.209577
 -0.801617   1.592723
 -0.056190   1.516764
  2.346558   0.543196
  0.794795   2.563470
 -0.921945   2.128806
 -2.224270   2.856537
 -0.627094   3.016789
  1.178892   0.971646
  1.334368   2.183251
  0.644421   1.812345
 -1.013795   2.650531
  0.474098   2.606864
 -1.034686   2.588214
 -0.216672   1.358829
 -0.129646   1.826016
 -0.897333   2.187429
 -0.890706   4.186621
 -0.883426   2.850828
 -0.606199   3.573741
 -0.115134   2.198099
  0.014946   2.042556
 -0.231222   2.349212
  2.071489   1.286396
  0.757639   2.665599
  0.658609   1.710550
 -0.568843   1.016619
 -1.547112   2.684088
 -1.041615   0.938269
  4.039320   0.142201
  1.494270   1.919164
  1.158916   1.102777
 -0.197741   1.292227
 -0.653976   1.864001
  1.310059   1.404006
  2.323792   1.467074
 -1.405961   2.253523
  0.466902   1.034879
  0.884911   0.946570
 -0.880864   0.552234
  1.594752   1.438248
 -0.152663   2.375169
  2.874179   1.070162
 -0.068308   2.252516
  0.789934   2.177169
 -1.063163   2.709269
 -0.498435   2.641016
 -0.489353   1.480306
  1.272992   1.154185
  1.939540   1.700246
  0.128980   1.423188
  0.492289   2.843119
 -0.507130   2.911860
  0.614856   1.890424
  1.994999   1.365060
  0.485568   2.193056
 -0.357264   1.487067
 -0.351880   1.853517
  0.542755   1.466733
  0.290841   1.936261
 -0.810964   2.774291
  0.468293   2.355196
  1.508188   2.508433
  0.591960   1.195359
  0.250155   1.992392
 -1.509642   1.398404
 -0.444725   2.216879
 -1.098070   2.253886
 -0.348386   2.835219
  0.716350   2.572143
  1.963981   2.115265
  2.679508   1.229620
  0.580984   1.499817
  0.924500   0.370180
  1.589709   1.398729
  1.628445   0.632029
  1.038392   2.416706
  1.062597   2.394552
 -1.125725   2.127684
  1.262493   1.486025
  0.386556   1.950750
 -0.866872   3.110340
 -0.702404   2.913899
  2.095535   1.338349
 -0.405496   2.062662
 -0.408753   1.172431
  0.627969   2.100023
  2.464652   2.114908
  0.242677   2.490961
  1.423020   0.670316
 -0.666194   2.326048
  2.672848   0.982251
  0.808997   1.541353
  0.832907   2.343203
 -0.607219   2.176390
  1.527456   1.602778
  0.744266   2.228507
 -1.308874   3.183375
  0.804640   1.371241
  0.530722   0.901811
  1.073666   0.966911
  0.603237   1.173586
  0.571407   1.366066
 -0.795245   2.391222
  0.933396   0.345482
  1.288673   1.907428
  2.718885   1.036047
 -1.121917   2.791458
  3.436351   0.897234
  2.198645   1.641151
  1.057684   1.124049
  0.453778   1.372934
 -0.130674   1.733785
  1.527601   1.557809
 -0.031321   1.539058
 -0.370597   2.721786
  1.303626   2.122737
  0.347474   3.138435
  1.614745   1.513908
  0.705308   2.550933
  0.853624   0.345682
 -0.251542   2.369128
  1.272600   2.002973
 -0.059827   1.646542
  1.581907   2.189908
  1.084861   2.375100
  0.480576   2.554897
  0.390604   2.141482
  0.720648   2.227408
  4.624128   0.881120
  0.807936   1.044920
 -1.063294   1.839769
  2.558543   1.721939
  0.861398   2.452393
  0.114893   1.338033
  3.566592   1.134673
  0.071345   3.944784
  1.081723   1.338846
 -0.999136   3.343947
 -0.968058   2.677480
 -1.190124   1.654370
  0.114833   1.810650
 -0.533217   1.812840
  1.073990   2.097141
 -0.298462   2.877176
  3.053659   0.402326
  1.458545   3.122504
  0.437471   2.383269
  0.426299   1.467874
  1.838928   1.591728
 -0.819685   2.202661
  1.165878   1.963665
 -0.622506   2.801881
