#
# A fatal error has been detected by the Java Runtime Environment:
#
#  EXCEPTION_ACCESS_VIOLATION (0xc0000005) at pc=0x00000000681c186a, pid=968, tid=7676
#
# JRE version: 6.0_17-b04
# Java VM: Java HotSpot(TM) 64-Bit Server VM (14.3-b01 mixed mode windows-amd64 )
# Problematic frame:
# C  0x00000000681c186a
#
# If you would like to submit a bug report, please visit:
#   http://java.sun.com/webapps/bugreport/crash.jsp
# The crash happened outside the Java Virtual Machine in native code.
# See problematic frame for where to report the bug.
#

---------------  T H R E A D  ---------------

Current thread (0x000000006cf31800):  JavaThread "Main message loop" daemon [_thread_in_native, id=7676, stack(0x0000000104fd0000,0x0000000108fd0000)]

siginfo: ExceptionCode=0xc0000005, reading address 0x0000000000000000

Registers:
EAX=0x000000006b6197c8, EBX=0x00000000676c4ab0, ECX=0x0000000000000000, EDX=0x000000006b61cf70
ESP=0x0000000108fbc260, EBP=0x0000000080040104, ESI=0x0000000108fc4068, EDI=0x000000006b61cfa8
EIP=0x00000000681c186a, EFLAGS=0x0000000000010297

Top of Stack: (sp=0x0000000108fbc260)
0x0000000108fbc260:   00000000676c4ab0 0000000080040104
0x0000000108fbc270:   00000000676c4ab0 000000006b61cfa8
0x0000000108fbc280:   0000000000000030 0000000108fc4100
0x0000000108fbc290:   00000000f595bf30 000007fef3627ca8
0x0000000108fbc2a0:   0000000000000000 000007fef366b1b0
0x0000000108fbc2b0:   000000006b502568 0000000108fc4238
0x0000000108fbc2c0:   0000000108fc4199 000000007687300a
0x0000000108fbc2d0:   0000000000000000 0000000066fd6248
0x0000000108fbc2e0:   0000000108fbc0e0 0000000108fbc358
0x0000000108fbc2f0:   000007fef366b1b0 00000000736f6dfb
0x0000000108fbc300:   0000000066fd6248 0000000108fc4199
0x0000000108fbc310:   0000000108fc4238 000000006b502568
0x0000000108fbc320:   000007fef366b1b0 00000000681c1851
0x0000000108fbc330:   0000000066fd6248 0000000108fc4199
0x0000000108fbc340:   0000000066fd6248 000000006b502568
0x0000000108fbc350:   0000000000000008 00000000445c3030 

Instructions: (pc=0x00000000681c186a)
0x00000000681c185a:   83 c0 08 83 38 02 7f 0d 48 8b 8c 24 90 7d 00 00
0x00000000681c186a:   48 8b 01 eb 66 83 38 03 75 0e 48 8b 8c 24 90 7d 


Stack: [0x0000000104fd0000,0x0000000108fd0000],  sp=0x0000000108fbc260,  free space=65456k
Native frames: (J=compiled Java code, j=interpreted, Vv=VM code, C=native code)
C  0x00000000681c186a

Java frames: (J=compiled Java code, j=interpreted, Vv=VM code)
j  com.jniwrapper.Function.invokeCFunc(JJB[BII[II)I+0
J  com.jniwrapper.FunctionCall.a(ZJJJIBLcom/jniwrapper/Parameter;[Lcom/jniwrapper/Parameter;)J
j  com.jniwrapper.FunctionCall.call(JJBLcom/jniwrapper/Parameter;[Lcom/jniwrapper/Parameter;)J+11
j  com.jniwrapper.Function.invoke(Lcom/jniwrapper/Parameter;[Lcom/jniwrapper/Parameter;)J+24
j  com.jniwrapper.Function.invoke(Lcom/jniwrapper/Parameter;Lcom/jniwrapper/Parameter;)J+10
j  com.jniwrapper.win32.MessageLoopThread$LoopThread.run()V+299
v  ~StubRoutines::call_stub

---------------  P R O C E S S  ---------------

Java Threads: ( => current thread )
  0x000000006cf2f800 JavaThread "Browser Events Thread" daemon [_thread_blocked, id=6108, stack(0x0000000134000000,0x0000000138000000)]
  0x000000006cf30000 JavaThread "Image Fetcher 0" daemon [_thread_blocked, id=7072, stack(0x00000000e4000000,0x00000000e8000000)]
=>0x000000006cf31800 JavaThread "Main message loop" daemon [_thread_in_native, id=7676, stack(0x0000000104fd0000,0x0000000108fd0000)]
  0x000000006cf2e800 JavaThread "Code Analyzer updating thread" [_thread_blocked, id=3196, stack(0x00000000fcfd0000,0x0000000100fd0000)]
  0x0000000067308000 JavaThread "Code Analyzer updating thread" [_thread_blocked, id=8968, stack(0x00000000dc000000,0x00000000e0000000)]
  0x000000006cf32000 JavaThread "pool-6-thread-1" [_thread_blocked, id=7848, stack(0x000000010dbf0000,0x0000000111bf0000)]
  0x0000000067300800 JavaThread "Code Analyzer updating thread" [_thread_blocked, id=7284, stack(0x0000000011650000,0x0000000015650000)]
  0x0000000067303800 JavaThread "Explorer NavigationContext request queue" daemon [_thread_blocked, id=7896, stack(0x0000000100fd0000,0x0000000104fd0000)]
  0x0000000067300000 JavaThread "Foxtrot Single Worker Thread #1" daemon [_thread_blocked, id=8732, stack(0x00000000e8000000,0x00000000ec000000)]
  0x0000000067307000 JavaThread "Active Reference Queue Daemon" daemon [_thread_blocked, id=8432, stack(0x00000000d8000000,0x00000000dc000000)]
  0x000000006730b000 JavaThread "Timer-2" daemon [_thread_blocked, id=5976, stack(0x00000000cc000000,0x00000000d0000000)]
  0x0000000067303000 JavaThread "Prefs Updater" daemon [_thread_blocked, id=2072, stack(0x00000000a4000000,0x00000000a8000000)]
  0x0000000067309800 JavaThread "MultiThreadedHttpConnectionManager cleanup" daemon [_thread_blocked, id=8260, stack(0x00000000ec000000,0x00000000f0000000)]
  0x0000000067305000 JavaThread "Timer-1" daemon [_thread_blocked, id=5832, stack(0x00000000f8000000,0x00000000fc000000)]
  0x0000000067305800 JavaThread "com.jniwrapper.NativeResourceCollector" daemon [_thread_blocked, id=4908, stack(0x00000000f0000000,0x00000000f4000000)]
  0x0000000067304000 JavaThread "ClipboardMonitor Timer" daemon [_thread_blocked, id=7432, stack(0x00000000e0000000,0x00000000e4000000)]
  0x0000000067302000 JavaThread "AddressBar directory emptiness poller" daemon [_thread_blocked, id=7336, stack(0x00000000d4000000,0x00000000d8000000)]
  0x0000000067301800 JavaThread "Explorer Refresh Service 1528185295" daemon [_thread_blocked, id=7196, stack(0x00000000d0000000,0x00000000d4000000)]
  0x00000000672ff000 JavaThread "TimerQueue" daemon [_thread_blocked, id=7080, stack(0x00000000c4000000,0x00000000c8000000)]
  0x00000000672fe800 JavaThread "Thread-3" daemon [_thread_blocked, id=7460, stack(0x00000000b0000000,0x00000000b4000000)]
  0x00000000672fd800 JavaThread "AWT-EventQueue-0" [_thread_in_Java, id=6992, stack(0x00000000ac000000,0x00000000b0000000)]
  0x00000000672fd000 JavaThread "AWT-Shutdown" [_thread_blocked, id=8752, stack(0x000000009c000000,0x00000000a0000000)]
  0x00000000672fc800 JavaThread "FelixPackageAdmin" daemon [_thread_blocked, id=3316, stack(0x00000000bc000000,0x00000000c0000000)]
  0x0000000067359800 JavaThread "FelixStartLevel" daemon [_thread_blocked, id=8980, stack(0x00000000b8000000,0x00000000bc000000)]
  0x0000000067374000 JavaThread "FelixDispatchQueue" daemon [_thread_blocked, id=8524, stack(0x00000000b4000000,0x00000000b8000000)]
  0x0000000066f69800 JavaThread "com.google.common.base.internal.Finalizer" daemon [_thread_blocked, id=7900, stack(0x00000000a8000000,0x00000000ac000000)]
  0x0000000066ff7000 JavaThread "AWT-Windows" daemon [_thread_in_native, id=5016, stack(0x00000000a0000000,0x00000000a4000000)]
  0x0000000066ff5000 JavaThread "Java2D Disposer" daemon [_thread_blocked, id=7064, stack(0x0000000098000000,0x000000009c000000)]
  0x0000000066cd2800 JavaThread "Timer-0" [_thread_blocked, id=2908, stack(0x0000000094000000,0x0000000098000000)]
  0x0000000066c68800 JavaThread "EventMgr Dispatcher" daemon [_thread_in_native, id=8760, stack(0x0000000090000000,0x0000000094000000)]
  0x0000000056021800 JavaThread "Low Memory Detector" daemon [_thread_blocked, id=8744, stack(0x0000000088000000,0x000000008c000000)]
  0x000000005601e000 JavaThread "CompilerThread1" daemon [_thread_blocked, id=3644, stack(0x0000000084000000,0x0000000088000000)]
  0x0000000056012800 JavaThread "CompilerThread0" daemon [_thread_blocked, id=1160, stack(0x0000000080000000,0x0000000084000000)]
  0x000000005600d800 JavaThread "Attach Listener" daemon [_thread_blocked, id=8652, stack(0x0000000062110000,0x0000000066110000)]
  0x000000000644f000 JavaThread "Finalizer" daemon [_thread_blocked, id=1264, stack(0x000000005e110000,0x0000000062110000)]
  0x0000000055fb5800 JavaThread "Reference Handler" daemon [_thread_blocked, id=8860, stack(0x000000005a110000,0x000000005e110000)]
  0x000000000650e800 JavaThread "main" [_thread_in_native, id=6936, stack(0x0000000000030000,0x0000000004030000)]

Other Threads:
  0x0000000055fb2000 VMThread [stack: 0x0000000056110000,0x000000005a110000] [id=4576]
  0x000000005604d800 WatcherThread [stack: 0x000000008c000000,0x0000000090000000] [id=7960]

VM state:not at safepoint (normal execution)

VM Mutex/Monitor currently owned by a thread: None

Heap
 PSYoungGen      total 23744K, used 21909K [0x0000000042e10000, 0x0000000044a00000, 0x0000000045f10000)
  eden space 20544K, 91% used [0x0000000042e10000,0x0000000044057e00,0x0000000044220000)
  from space 3200K, 99% used [0x00000000445a0000,0x00000000448bd618,0x00000000448c0000)
  to   space 3584K, 0% used [0x0000000044220000,0x0000000044220000,0x00000000445a0000)
 PSOldGen        total 93056K, used 80094K [0x0000000039b10000, 0x000000003f5f0000, 0x0000000042e10000)
  object space 93056K, 86% used [0x0000000039b10000,0x000000003e9478d0,0x000000003f5f0000)
 PSPermGen       total 97024K, used 81319K [0x0000000031b10000, 0x00000000379d0000, 0x0000000039b10000)
  object space 97024K, 83% used [0x0000000031b10000,0x0000000036a79dd0,0x00000000379d0000)

Dynamic libraries:
0x0000000140000000 - 0x0000000140028000 	C:\Program Files\MATLAB\R2013a\bin\win64\MATLAB.exe
0x0000000076f30000 - 0x00000000770d9000 	C:\WINDOWS\SYSTEM32\ntdll.dll
0x0000000076850000 - 0x000000007696f000 	C:\WINDOWS\system32\kernel32.dll
0x000007fefd6f0000 - 0x000007fefd75b000 	C:\WINDOWS\system32\KERNELBASE.dll
0x0000000074460000 - 0x0000000074515000 	C:\Program Files\MATLAB\R2013a\bin\win64\libut.dll
0x00000000758a0000 - 0x000000007595f000 	C:\Program Files\MATLAB\R2013a\bin\win64\libmwi18n.dll
0x0000000180000000 - 0x000000018000d000 	C:\Program Files\MATLAB\R2013a\bin\win64\libmwresource_core.dll
0x00000000714e0000 - 0x0000000071578000 	C:\Program Files\MATLAB\R2013a\bin\win64\MSVCP100.dll
0x000000006f330000 - 0x000000006f402000 	C:\Program Files\MATLAB\R2013a\bin\win64\MSVCR100.dll
0x0000000074570000 - 0x000000007457e000 	C:\Program Files\MATLAB\R2013a\bin\win64\boost_date_time-vc100-mt-1_49.dll
0x0000000071df0000 - 0x0000000071e1c000 	C:\Program Files\MATLAB\R2013a\bin\win64\boost_filesystem-vc100-mt-1_49.dll
0x00000000746d0000 - 0x00000000746d9000 	C:\Program Files\MATLAB\R2013a\bin\win64\boost_system-vc100-mt-1_49.dll
0x000007fefef80000 - 0x000007feff05b000 	C:\WINDOWS\system32\ADVAPI32.dll
0x000007feff1a0000 - 0x000007feff23f000 	C:\WINDOWS\system32\msvcrt.dll
0x000007fefd890000 - 0x000007fefd8af000 	C:\WINDOWS\SYSTEM32\sechost.dll
0x000007fefd760000 - 0x000007fefd88d000 	C:\WINDOWS\system32\RPCRT4.dll
0x0000000071e20000 - 0x0000000071e45000 	C:\Program Files\MATLAB\R2013a\bin\win64\LIBEXPAT.dll
0x000000006ee20000 - 0x000000006efaa000 	C:\Program Files\MATLAB\R2013a\bin\win64\icuin49.dll
0x000000006f000000 - 0x000000006f13e000 	C:\Program Files\MATLAB\R2013a\bin\win64\icuuc49.dll
0x0000000068320000 - 0x0000000069442000 	C:\Program Files\MATLAB\R2013a\bin\win64\icudt49.dll
0x0000000073580000 - 0x0000000073590000 	C:\Program Files\MATLAB\R2013a\bin\win64\icuio49.dll
0x0000000073f70000 - 0x0000000074112000 	C:\Program Files\MATLAB\R2013a\bin\win64\libmwfl.dll
0x000000007a350000 - 0x000000007a737000 	C:\Program Files\MATLAB\R2013a\bin\win64\libmwMATLAB_res.dll
0x0000000070d00000 - 0x0000000070ddf000 	C:\Program Files\MATLAB\R2013a\bin\win64\boost_regex-vc100-mt-1_49.dll
0x0000000076e30000 - 0x0000000076f2a000 	C:\WINDOWS\system32\USER32.dll
0x000007fefdab0000 - 0x000007fefdb17000 	C:\WINDOWS\system32\GDI32.dll
0x000007feff190000 - 0x000007feff19e000 	C:\WINDOWS\system32\LPK.dll
0x000007fefdb30000 - 0x000007fefdbf9000 	C:\WINDOWS\system32\USP10.dll
0x00000000721a0000 - 0x00000000721b1000 	C:\Program Files\MATLAB\R2013a\bin\win64\boost_signals-vc100-mt-1_49.dll
0x00000000722f0000 - 0x0000000072301000 	C:\Program Files\MATLAB\R2013a\bin\win64\boost_thread-vc100-mt-1_49.dll
0x000007fef61a0000 - 0x000007fef622c000 	C:\Program Files\MATLAB\R2013a\bin\win64\boost_log-vc100-mt-1_49.dll
0x0000000077100000 - 0x0000000077107000 	C:\WINDOWS\system32\PSAPI.DLL
0x000007fefea70000 - 0x000007fefeabd000 	C:\WINDOWS\system32\WS2_32.dll
0x000007fefdb20000 - 0x000007fefdb28000 	C:\WINDOWS\system32\NSI.dll
0x000007fefa1a0000 - 0x000007fefa1d3000 	C:\Program Files\MATLAB\R2013a\bin\win64\tbb.dll
0x000007fefd8b0000 - 0x000007fefd8c9000 	C:\WINDOWS\system32\imagehlp.dll
0x000007fefc260000 - 0x000007fefc28c000 	C:\WINDOWS\system32\POWRPROF.dll
0x000007fefd8d0000 - 0x000007fefdaa7000 	C:\WINDOWS\system32\SETUPAPI.dll
0x000007fefd500000 - 0x000007fefd536000 	C:\WINDOWS\system32\CFGMGR32.dll
0x000007fefe990000 - 0x000007fefea67000 	C:\WINDOWS\system32\OLEAUT32.dll
0x000007fefed70000 - 0x000007fefef73000 	C:\WINDOWS\system32\ole32.dll
0x000007fefd4e0000 - 0x000007fefd4fa000 	C:\WINDOWS\system32\DEVOBJ.dll
0x0000000004200000 - 0x0000000004221000 	C:\Program Files\MATLAB\R2013a\bin\win64\libmwmfl_scalar.dll
0x000007fefb760000 - 0x000007fefb885000 	C:\WINDOWS\system32\dbghelp.dll
0x0000000004230000 - 0x000000000455f000 	C:\Program Files\MATLAB\R2013a\bin\win64\libmwservices.dll
0x0000000075a20000 - 0x0000000075b0b000 	C:\Program Files\MATLAB\R2013a\bin\win64\libmx.dll
0x000007fefa930000 - 0x000007fefa958000 	C:\Program Files\MATLAB\R2013a\bin\win64\tbbmalloc.dll
0x00000000718f0000 - 0x0000000071907000 	C:\Program Files\MATLAB\R2013a\bin\win64\zlib1.dll
0x0000000004560000 - 0x00000000045ae000 	C:\Program Files\MATLAB\R2013a\bin\win64\libmwregexp.dll
0x0000000075f10000 - 0x0000000075f57000 	C:\Program Files\MATLAB\R2013a\bin\win64\mpath.dll
0x000000007b680000 - 0x000000007bc66000 	C:\Program Files\MATLAB\R2013a\bin\win64\mlutil.dll
0x00000000754d0000 - 0x0000000075547000 	C:\Program Files\MATLAB\R2013a\bin\win64\xmlcore.dll
0x000000006ddf0000 - 0x000000006e031000 	C:\Program Files\MATLAB\R2013a\bin\win64\xerces-c_2_7.dll
0x00000000045c0000 - 0x00000000045e2000 	C:\Program Files\MATLAB\R2013a\bin\win64\libmwMATLAB_settings_res.dll
0x000007fefbbb0000 - 0x000007fefbbc0000 	C:\Program Files\MATLAB\R2013a\bin\win64\boost_iostreams-vc100-mt-1_49.dll
0x000007fef6ed0000 - 0x000007fef6f16000 	C:\Program Files\MATLAB\R2013a\bin\win64\boost_serialization-vc100-mt-1_49.dll
0x000007fefdc00000 - 0x000007fefe988000 	C:\WINDOWS\system32\SHELL32.dll
0x000007fefecf0000 - 0x000007fefed61000 	C:\WINDOWS\system32\SHLWAPI.dll
0x00000000045f0000 - 0x00000000045f6000 	C:\Program Files\MATLAB\R2013a\bin\win64\libmwnativedisplay.dll
0x000007fef7a40000 - 0x000007fef7ae0000 	C:\WINDOWS\WinSxS\amd64_microsoft.windows.common-controls_6595b64144ccf1df_5.82.7601.18201_none_a4d3b9377117c3df\COMCTL32.dll
0x000007fefeac0000 - 0x000007fefeb57000 	C:\WINDOWS\system32\COMDLG32.dll
0x000007fefa5d0000 - 0x000007fefa5e6000 	C:\WINDOWS\system32\NETAPI32.dll
0x000007fefc890000 - 0x000007fefc89c000 	C:\WINDOWS\system32\netutils.dll
0x000007fefcf00000 - 0x000007fefcf23000 	C:\WINDOWS\system32\srvcli.dll
0x000007fefa5b0000 - 0x000007fefa5c5000 	C:\WINDOWS\system32\wkscli.dll
0x0000000074970000 - 0x0000000074a18000 	C:\Program Files\MATLAB\R2013a\bin\win64\mcr.dll
0x0000000075000000 - 0x00000000753b1000 	C:\Program Files\MATLAB\R2013a\bin\win64\iqm.dll
0x0000000074e80000 - 0x0000000074f30000 	C:\Program Files\MATLAB\R2013a\bin\win64\m_dispatcher.dll
0x0000000004600000 - 0x0000000004e08000 	C:\Program Files\MATLAB\R2013a\bin\win64\m_interpreter.dll
0x0000000004e10000 - 0x0000000004e34000 	C:\Program Files\MATLAB\R2013a\bin\win64\libmex.dll
0x0000000075430000 - 0x00000000754ab000 	C:\Program Files\MATLAB\R2013a\bin\win64\profiler.dll
0x0000000004e40000 - 0x00000000050c3000 	C:\Program Files\MATLAB\R2013a\bin\win64\libmwmathutil.dll
0x0000000079f40000 - 0x0000000079f66000 	C:\Program Files\MATLAB\R2013a\bin\win64\libmwmathrng.dll
0x00000000050d0000 - 0x00000000050e0000 	C:\Program Files\MATLAB\R2013a\bin\win64\libmwmfl_rng.dll
0x0000000074c10000 - 0x0000000074cf8000 	C:\Program Files\MATLAB\R2013a\bin\win64\libmwmathcore.dll
0x0000000076160000 - 0x00000000761c3000 	C:\Program Files\MATLAB\R2013a\bin\win64\libmwspmatrix.dll
0x000000007b0a0000 - 0x000000007b2f6000 	C:\Program Files\MATLAB\R2013a\bin\win64\mcos.dll
0x0000000075ea0000 - 0x0000000075f02000 	C:\Program Files\MATLAB\R2013a\bin\win64\libmwcholmod.dll
0x00000000050f0000 - 0x00000000050fd000 	C:\Program Files\MATLAB\R2013a\bin\win64\libmwamd.dll
0x0000000071050000 - 0x00000000710f3000 	C:\WINDOWS\WinSxS\amd64_microsoft.vc90.crt_1fc8b3b9a1e18e3b_9.0.30729.6161_none_08e61857a83bc251\MSVCR90.dll
0x0000000005110000 - 0x000000000511c000 	C:\Program Files\MATLAB\R2013a\bin\win64\libmwcolamd.dll
0x000000007a290000 - 0x000000007a2a3000 	C:\Program Files\MATLAB\R2013a\bin\win64\libmwblas.dll
0x000000007a310000 - 0x000000007a325000 	C:\Program Files\MATLAB\R2013a\bin\win64\libmwbinder.dll
0x0000000005130000 - 0x000000000513b000 	C:\Program Files\MATLAB\R2013a\bin\win64\libmwompwrapper.dll
0x0000000075820000 - 0x000000007589e000 	C:\Program Files\MATLAB\R2013a\bin\win64\libmwlapack.dll
0x000000007a1b0000 - 0x000000007a1d0000 	C:\Program Files\MATLAB\R2013a\bin\win64\m_pcodeio.dll
0x0000000079b10000 - 0x0000000079b6c000 	C:\Program Files\MATLAB\R2013a\bin\win64\m_ir.dll
0x0000000078ed0000 - 0x0000000079579000 	C:\Program Files\MATLAB\R2013a\bin\win64\m_parser.dll
0x000000007a2f0000 - 0x000000007a307000 	C:\Program Files\MATLAB\R2013a\bin\win64\ir_xfmr.dll
0x0000000005140000 - 0x0000000005150000 	C:\Program Files\MATLAB\R2013a\bin\win64\mtok.dll
0x000000007a130000 - 0x000000007a158000 	C:\Program Files\MATLAB\R2013a\bin\win64\m_pcodegen.dll
0x0000000079fb0000 - 0x0000000079fdf000 	C:\Program Files\MATLAB\R2013a\bin\win64\libmwbridge.dll
0x0000000074f40000 - 0x0000000074ff6000 	C:\Program Files\MATLAB\R2013a\bin\win64\udd.dll
0x0000000073cc0000 - 0x0000000073e0e000 	C:\Program Files\MATLAB\R2013a\bin\win64\libmwgui.dll
0x000000007a1d0000 - 0x000000007a1f4000 	C:\Program Files\MATLAB\R2013a\bin\win64\graphics_util.dll
0x000007fef5d60000 - 0x000007fef5e18000 	C:\Program Files\MATLAB\R2013a\bin\win64\libtex_base.dll
0x0000000005150000 - 0x0000000005a93000 	C:\Program Files\MATLAB\R2013a\bin\win64\hg.dll
0x0000000076100000 - 0x000000007615a000 	C:\Program Files\MATLAB\R2013a\bin\win64\libmat.dll
0x0000000072d30000 - 0x0000000072f38000 	C:\Program Files\MATLAB\R2013a\bin\win64\hdf5dll.dll
0x0000000075710000 - 0x00000000757d8000 	C:\Program Files\MATLAB\R2013a\bin\win64\jmi.dll
0x0000000005ab0000 - 0x0000000005abe000 	C:\Program Files\MATLAB\R2013a\bin\win64\nativejava_services.dll
0x0000000005ac0000 - 0x0000000005b00000 	C:\Program Files\MATLAB\R2013a\bin\win64\libmwhardcopy.dll
0x0000000075c70000 - 0x0000000075cce000 	C:\Program Files\MATLAB\R2013a\bin\win64\libuij.dll
0x0000000072f50000 - 0x000000007318f000 	C:\Program Files\MATLAB\R2013a\bin\win64\hgdatatypes.dll
0x0000000005b00000 - 0x0000000005beb000 	C:\Program Files\MATLAB\R2013a\bin\win64\hgutils.dll
0x0000000005bf0000 - 0x0000000005c9e000 	C:\Program Files\MATLAB\R2013a\bin\win64\udd_mi.dll
0x0000000005ca0000 - 0x0000000005cd6000 	C:\Program Files\MATLAB\R2013a\bin\win64\libmwgbtutils.dll
0x0000000005ce0000 - 0x0000000005cf4000 	C:\Program Files\MATLAB\R2013a\bin\win64\libmwgbt.dll
0x0000000005d00000 - 0x0000000005fce000 	C:\Program Files\MATLAB\R2013a\bin\win64\uiw.dll
0x0000000005fd0000 - 0x0000000005fd9000 	C:\Program Files\MATLAB\R2013a\bin\win64\uinone.dll
0x0000000005fe0000 - 0x0000000006006000 	C:\Program Files\MATLAB\R2013a\bin\win64\libmwnativefiledialogs.dll
0x0000000006010000 - 0x000000000601c000 	C:\Program Files\MATLAB\R2013a\bin\win64\libmwplatform_res.dll
0x000007fefa170000 - 0x000007fefa188000 	C:\WINDOWS\system32\MPR.dll
0x000000006b820000 - 0x000000006bd7d000 	C:\Program Files\MATLAB\R2013a\bin\win64\mfc100.dll
0x000007fefb400000 - 0x000007fefb407000 	C:\WINDOWS\system32\MSIMG32.dll
0x000007fef7d50000 - 0x000007fef7dc1000 	C:\WINDOWS\system32\WINSPOOL.DRV
0x0000000006020000 - 0x000000000603d000 	C:\Program Files\MATLAB\R2013a\bin\win64\mwoles05.DLL
0x0000000006040000 - 0x00000000060ac000 	C:\Program Files\MATLAB\R2013a\bin\win64\comcli.dll
0x0000000071880000 - 0x00000000718ab000 	C:\Program Files\MATLAB\R2013a\bin\win64\ATL100.DLL
0x00000000060b0000 - 0x00000000060bc000 	C:\Program Files\MATLAB\R2013a\bin\win64\mlautoregister.dll
0x00000000060c0000 - 0x0000000006216000 	C:\Program Files\MATLAB\R2013a\bin\win64\mvm.dll
0x000007feff0c0000 - 0x000007feff0ee000 	C:\WINDOWS\system32\IMM32.DLL
0x000007fefeb60000 - 0x000007fefec69000 	C:\WINDOWS\system32\MSCTF.dll
0x000007fefb410000 - 0x000007fefb466000 	C:\WINDOWS\system32\UxTheme.dll
0x000007fefabb0000 - 0x000007fefabc8000 	C:\WINDOWS\system32\dwmapi.dll
0x0000000072cf0000 - 0x0000000072cfd000 	C:\Program Files\MATLAB\R2013a\bin\win64\MFC100ENU.DLL
0x0000000008080000 - 0x00000000080ce000 	C:\Program Files\MATLAB\R2013a\bin\win64\MVMLocal.dll
0x000007fefd390000 - 0x000007fefd39f000 	C:\WINDOWS\system32\profapi.dll

VM Arguments:
jvm_args: -XX:PermSize=32m -Xms64m -XX:NewRatio=3 -XX:MaxPermSize=128m -Xmx196m -XX:MaxDirectMemorySize=2147400000 -Dsun.java2d.noddraw=true -Dsun.awt.nopixfmt=true -Xshare:off -Xrs -Dsun.awt.disableMixing=true -Djava.library.path=C:\Program Files\MATLAB\R2013a\bin\win64;C:\Program Files\MATLAB\R2013a\sys\jxbrowser\win64\lib vfprintf abort 
java_command: <unknown>
Launcher Type: generic

Environment Variables:
PATH=C:\WINDOWS\system32;C:\WINDOWS;C:\WINDOWS\System32\Wbem;C:\WINDOWS\System32\WindowsPowerShell\v1.0\;C:\Program Files\MATLAB\R2013a\bin
USERNAME=emp001609
OS=Windows_NT
PROCESSOR_IDENTIFIER=Intel64 Family 6 Model 37 Stepping 5, GenuineIntel



---------------  S Y S T E M  ---------------

OS: Windows 7 Build 7601 Service Pack 1

CPU:total 4 (8 cores per cpu, 2 threads per core) family 6 model 37 stepping 5, cmov, cx8, fxsr, mmx, sse, sse2, sse3, ssse3, sse4.1, sse4.2, ht

Memory: 4k page, physical 3987308k(1524400k free), swap 7972756k(5065848k free)

vm_info: Java HotSpot(TM) 64-Bit Server VM (14.3-b01) for windows-amd64 JRE (1.6.0_17-b04), built on Oct 11 2009 00:46:08 by "java_re" with MS VC++ 8.0

time: Sat Feb 15 14:58:37 2014
elapsed time: 14432 seconds

