$title=DATA5
  2.191730  -1.563110
  2.236327  -1.791094
  0.716504  -1.179788
  0.033872  -2.288652
 -1.164102  -0.473466
 -0.724570  -2.066407
  0.316353  -2.673343
  0.426257  -1.265489
  2.041388  -1.722009
  1.502501  -2.688465
  0.000444  -1.044381
 -0.419219  -2.298281
  0.353607  -0.946512
 -2.432120  -0.972352
 -0.087059  -1.586088
  0.309561  -2.133596
  0.383415  -0.990545
  0.103249  -0.448114
 -0.169935  -1.076920
  0.109919  -1.513357
  1.425144  -1.102625
  0.989655  -2.342648
  0.886953  -1.358288
 -0.236974  -1.631010
 -1.350818  -1.263314
  0.960760  -0.273603
  0.507310  -1.083688
  1.119407  -2.061735
  3.403384  -1.954781
  2.250287  -0.637181
  1.768363  -1.152957
 -0.836643  -1.612153
  0.998332  -3.890824
  0.032763  -0.775122
  0.175185  -1.085012
  0.023531  -1.600697
 -0.228191  -2.040031
 -1.259198  -1.241678
 -2.302287  -2.027812
  0.382298  -2.203209
  1.090511  -1.121106
 -0.985074  -2.941738
  1.719178  -1.822451
 -0.801772  -0.006293
  1.137106  -3.280388
  1.135872  -2.531847
 -2.574543   0.691265
 -0.009845  -1.397148
  0.861632  -0.753729
 -0.129852   0.022946
  3.450576  -2.581910
 -2.297178  -0.244025
 -0.175886  -0.336565
  2.622268  -1.827479
 -0.057684  -1.837854
 -0.120305  -1.038933
  2.070012  -1.804918
  0.465534  -2.086564
  0.217255  -2.030874
 -0.202363  -1.743876
  1.257422  -1.831196
 -0.193525  -0.875356
  0.371051  -1.269244
 -1.411284  -0.383174
  0.387231  -2.245875
 -2.287539  -1.158255
  0.092773  -0.848737
  0.002212  -0.758906
  0.331355  -1.497022
 -0.837852  -1.882762
  1.746118  -2.457455
 -1.869798  -0.778880
  0.913700  -1.414479
  0.442568  -0.896161
 -2.216445  -1.391959
 -0.411738  -1.932889
 -0.566654  -1.504021
  0.510490  -1.834514
 -0.541366  -0.332289
 -0.037921  -2.568282
 -2.171792  -0.732775
  0.594234  -0.097846
 -0.361428   0.080752
  0.126454  -1.129189
 -2.620191  -0.717054
 -0.191854  -1.637960
 -0.890429  -1.988219
  1.006810  -1.654496
 -0.772219  -1.238834
  1.035453  -1.633223
  1.773206  -0.971460
  0.070218  -1.772753
  0.264150  -1.660911
  2.839464  -3.003785
  0.797154  -1.506424
  2.443272  -2.653211
 -0.679700  -1.360772
  0.264742  -0.558127
  0.260205  -2.222419
 -0.338032  -0.817777
 -0.126926  -1.051552
  0.837189  -1.206061
 -0.910579   0.219700
 -0.085716  -0.639888
  0.917184  -1.229339
  0.012516  -0.688114
  0.007188  -0.749410
 -0.247640   0.361156
  2.968623  -2.107127
  2.087293   0.045955
 -0.585173  -1.465865
  1.822704  -1.932953
  1.526254  -2.905885
  1.306000  -2.092481
 -0.544360  -1.798606
 -0.642036  -1.248257
 -1.857426  -1.352468
  0.193689  -1.805237
 -0.151951  -1.822540
 -0.246191  -0.805831
  0.065512  -0.519809
  0.403519   0.023680
  3.143386  -2.636034
 -0.252926  -2.986086
  0.933946  -0.856638
 -1.388636  -0.757265
  0.909434  -2.232230
 -0.224681  -1.915217
  0.730672  -1.783851
  0.392209  -1.448805
 -0.013272  -2.031955
 -0.380890  -0.756145
  1.402006  -2.822716
 -3.126873  -0.223157
  0.891254  -2.779762
 -0.386522  -0.467368
 -0.808989  -0.438322
 -0.977010  -2.026880
  1.460170  -0.801462
  0.253405  -1.937172
 -2.025004  -1.280488
 -0.236218  -1.212781
 -0.310856  -1.341612
 -1.594509  -1.048459
 -1.830478  -2.221152
 -1.920784  -0.763491
  0.602420  -1.326810
 -0.597815  -0.903492
  0.608408  -1.209065
 -0.426885  -1.052233
  2.027012  -0.608290
  0.383175  -0.692805
  0.015076  -1.983968
 -1.503627  -0.626042
  1.575186  -1.361356
 -0.717118  -1.320848
  1.030303  -2.469056
 -2.174717  -0.642162
 -0.916286  -0.834783
  1.201099  -1.444183
  1.737550  -1.941181
  1.533413  -1.421831
 -0.493813  -1.228761
 -1.066806  -1.368197
 -0.205660  -0.792169
  0.911174  -1.833330
  0.523737  -1.278273
  2.162657  -0.965892
  1.789769  -1.610648
 -0.372284  -0.661558
 -0.548938  -1.272691
  1.154697  -1.505907
  1.534081  -1.446060
  1.076063  -1.172123
  0.080322  -2.280751
  0.726261  -2.292158
  0.032997  -1.573721
 -0.201218  -2.027857
 -0.369007  -1.965773
  0.191914  -0.921188
 -0.139996   0.478388
  2.155080  -1.718258
 -2.531769  -0.195278
 -0.452192  -1.500951
  1.962452  -1.622250
 -0.189753  -0.816471
 -0.241180  -1.131545
  0.518220  -1.954798
  0.017251  -1.351359
  2.218227  -2.411669
  1.647380  -3.909197
  0.223475  -1.076161
  1.976751  -2.088051
  1.166686  -0.374529
  0.603093  -0.602092
 -3.303821  -1.443433
 -0.027978  -0.765688
 -1.956720  -1.273176
  0.813377  -1.549870
 -2.999878   0.073730
  0.341162  -1.078405
  0.312916  -0.935493
 -1.515548  -0.489900
  0.975267  -2.380752
 -3.492566   0.821883
  1.721279  -2.328179
 -1.798020  -0.461108
 -0.616380  -0.167161
  0.028980  -2.266211
  1.450029  -3.293874
  0.728906  -2.314256
  0.848644  -1.031377
  1.063703  -0.606087
  0.299108  -1.037093
  0.443369  -1.898287
  1.479380  -1.070596
 -2.115500  -0.148613
 -1.732750  -1.592960
  0.703944  -1.509472
  0.196035  -1.415564
  0.041187  -0.382549
  0.451320  -1.718283
  0.031674  -0.524906
 -0.019441  -2.439293
  0.118838  -2.285891
  0.673058  -2.202232
  2.117982  -2.888301
 -2.730476  -0.774172
  0.743454   0.181612
  0.455859  -2.141763
 -1.012255  -1.236107
 -1.281965  -0.370126
 -0.218775  -2.567001
  1.729149  -2.050387
  0.442963  -1.833145
 -2.055082  -1.069470
  0.584414  -0.974783
 -0.847606  -1.975560
  0.539567  -0.046847
  1.364514  -2.310547
 -0.120430  -2.757506
 -0.407757  -1.619794
 -0.273240  -1.164770
 -0.443420  -1.290645
  1.802713  -1.985940
  1.789220  -1.371607
  2.149313  -1.070828
 -0.622808  -1.495023
  1.606174  -0.784145
 -0.469505  -1.408280
  2.393023  -1.557107
 -0.899762  -1.157828
 -1.181562  -0.688988
  0.139953  -1.686269
  0.757829  -1.645617
 -1.497715  -1.426295
  0.168835  -2.403235
 -0.547213   0.322533
  1.314500  -1.970057
 -0.293672  -1.577134
  1.187283  -2.008265
 -0.402649  -2.159476
  1.334491  -1.232572
 -1.371042  -0.784780
 -0.137156  -2.024487
 -0.179427  -1.601532
  0.032154  -1.678956
  0.086730  -0.086008
  0.620186  -3.619802
 -0.344891  -0.966943
  1.110797  -1.037827
  2.379801  -2.385134
  1.314660  -1.025436
  0.971818  -1.259708
 -0.415002  -1.675532
 -0.230637  -0.868402
 -0.091491  -1.517262
 -1.291387  -1.141517
 -1.021536   0.139508
 -1.251912  -1.122596
  0.368541  -1.518778
  1.041211  -1.970180
 -2.007645  -0.052097
  0.614564  -1.737355
 -0.439743  -0.438832
 -2.227180  -1.267602
 -0.617660  -0.930578
 -0.313421  -1.158608
  0.997895  -1.823898
  0.607551  -0.408044
 -0.884546  -1.935876
  0.904524  -1.174813
  0.021864  -1.533742
  0.484252  -1.863463
  0.262787  -2.792644
  0.719373  -1.744438
 -0.417416  -0.212970
 -1.389985   0.344788
  0.008793  -1.546910
 -0.368087  -0.895695
  0.939783  -0.684446
  0.816736  -3.141094
  0.319271  -1.177911
 -1.204099  -2.965912
  1.665344  -2.781523
  0.998290  -1.977080
 -1.637762  -0.112642
 -0.193076  -1.463427
  0.669022  -2.520227
 -2.894508  -1.654387
  1.291426  -0.497882
  1.270987  -1.431648
  0.132543  -0.811703
  0.100670  -1.798522
  1.666845  -2.414248
  0.836452  -2.675873
  1.429294  -1.178103
  0.028048  -2.602856
  0.373700  -1.983613
 -0.249755  -1.526791
  1.013562  -0.993204
  2.143390  -2.589591
 -0.361661  -1.263656
  0.844252  -1.325704
 -1.252197  -1.182002
 -0.200514  -0.581948
  2.066671  -2.327792
 -0.940615  -1.087451
  0.710902  -1.080805
 -2.031291  -0.685668
  1.217048  -0.873923
  1.450174  -1.867677
  0.333870  -3.758070
  1.826705  -2.064451
  1.680218  -2.332620
 -0.304488  -1.427697
  1.102728  -2.688550
 -1.078144  -3.486798
 -1.265440  -1.767625
 -1.344256   0.246632
  0.364587  -2.384069
  0.423657  -3.207087
  2.410972  -3.372138
  3.065626  -1.491087
 -0.176703  -0.937367
  1.385887  -1.235017
 -0.440182  -1.627423
 -0.483618  -0.882786
 -2.260357  -0.574425
  2.863022  -2.765070
 -0.488970  -2.167557
  1.814756  -1.734766
 -0.556330  -2.478368
  2.461432  -3.648374
  0.336410  -2.900670
  0.146844  -0.064355
 -1.335724  -1.160734
  0.514686  -1.224085
  0.722743  -0.433775
  0.342068  -2.975767
 -0.114679  -1.722850
  0.591743  -1.734483
 -0.845727  -0.922841
 -0.946880  -0.110160
  2.128755  -1.794484
  0.854622   0.041219
  1.522474  -0.923315
 -0.760862  -0.281217
 -1.462839  -0.858581
  1.096080  -2.211857
 -1.909609   0.065805
  1.897010  -2.526779
 -0.393881  -1.388308
 -2.172188  -0.408472
  2.213872  -2.495695
  1.516711  -1.377142
 -0.002754  -1.952470
  0.490425  -1.152693
  1.436911  -0.342742
  0.154394  -1.780691
 -0.861315  -1.287679
 -2.658712   0.113141
 -1.760471  -0.300890
 -1.542980  -0.023588
 -0.556077  -1.058815
 -0.912951  -2.610678
 -0.316177  -1.181323
 -0.273628  -0.810588
 -2.134978  -1.029902
 -1.660222  -1.188547
 -0.802870  -2.470817
  0.519721  -2.821846
  0.941049  -2.759742
 -0.579525  -2.333434
 -0.265446  -1.007230
 -1.179846  -0.112379
  0.880558  -1.315170
 -2.323536  -1.221483
 -0.745624  -3.173190
 -2.109374  -0.668671
  0.524545  -1.237133
 -0.088706  -0.095672
  0.245089  -0.683681
  0.673459  -2.023024
  2.161384  -1.898802
  3.702094  -2.921234
  1.509516  -1.125749
 -0.155164  -1.728730
  2.246991  -1.200605
 -1.236942  -0.864020
 -0.266717  -1.607957
  0.327872  -0.595623
  0.161785  -0.568585
  0.324613  -1.080305
  1.512147  -2.016730
 -1.210379  -1.249087
  0.631464  -1.782652
  2.252122  -2.419155
 -1.306032  -0.818712
 -3.165317   0.255340
  2.370996  -1.625672
 -0.972005  -1.813820
 -0.228700  -0.155324
  3.870492  -2.660138
  1.914006  -3.081923
 -0.650488  -2.009009
 -2.002828  -0.969198
 -2.898805   1.434756
 -3.666158   0.972388
 -0.802643  -0.599131
 -0.374763  -0.888772
 -0.347464  -2.283229
  1.632713  -3.013297
 -0.649937  -1.836542
 -0.511643  -1.470496
  0.551931  -1.203710
 -2.017630  -0.269193
  0.113017  -1.336547
 -0.422184   0.206600
 -0.845479  -0.898779
 -0.698549  -0.805621
  1.924011  -2.478271
 -0.794297  -0.853648
  0.178448  -0.683233
 -0.875616  -2.608495
  1.096835  -0.689791
  0.979194  -0.647242
 -1.365461  -1.327648
  0.044342  -0.652478
 -0.505910  -0.321429
  0.562975  -1.219875
 -1.223296  -1.289472
 -0.024932  -1.499667
 -1.311489  -0.806680
  2.289353  -1.420024
  0.600186  -0.082337
  1.092926  -2.539924
  0.851333  -0.192464
 -1.424352  -2.145737
 -0.492555  -1.313313
 -0.708650  -2.139608
  1.751054  -1.057934
 -0.684160  -1.368976
 -1.189694  -0.901933
 -1.775181  -1.079750
  0.044715  -1.081316
  0.043255  -0.037828
  0.343979  -0.954484
 -0.653597  -0.313247
 -1.494952   0.185817
  1.431880  -2.383106
  0.976411  -2.478243
 -2.963389  -1.060985
  0.963230  -1.353081
  0.199084  -0.884247
 -2.970771  -0.698199
 -1.424682  -2.724470
  1.680150  -2.060439
  1.660544  -0.837200
 -0.526805  -1.463891
  0.185924  -0.835849
 -0.340251  -1.034888
  1.575742  -2.619573
  0.008631  -1.736032
  1.460335  -1.287974
  2.184767  -3.474940
  1.742876  -2.435372
  0.622839  -0.399843
  1.293101  -2.339439
  0.757689  -0.966473
 -0.668406  -3.764763
 -0.244550  -1.245453
 -0.692042  -0.717936
 -0.833652  -0.464718
  0.618408  -1.797978
 -0.004476  -2.639122
  0.521191  -0.420013
  0.798846  -1.285198
 -0.846975  -1.723669
 -1.526809  -0.598474
 -1.538307   0.088715
 -0.226049  -2.592538
  0.656028  -1.847786
 -0.818432  -1.682322
 -0.568201  -0.919355
 -2.783493  -0.892587
 -1.188490  -1.248961
 -0.055825  -2.018304
 -0.153659  -0.395992
 -0.100668  -0.864952
 -0.086139  -1.720225
 -0.745675  -1.069025
  1.128233  -0.888562
 -1.943314  -0.051505
  0.028138  -1.784291
  0.376455   0.089490
 -0.078095  -0.157600
 -0.655728  -2.342176
 -0.107642  -0.753023
  0.187631  -0.400756
 -1.207461  -0.017989
  0.279281  -2.909162
  0.508583  -2.264244
  1.883223  -0.680373
  2.891761  -3.262731
  2.969119  -2.265104
  2.395618  -2.785163
  1.049683  -0.338928
  0.127514  -2.189626
 -3.753190   0.699602
 -1.442320  -1.052765
 -1.579445  -1.095445
 -0.834139  -1.970825
  1.102725  -1.492321
 -0.270326  -0.652484
  0.131863  -0.093936
  0.360838   0.306666
 -0.451039  -0.065215
  0.154449  -0.187379
  0.066538  -1.509796
  0.439549  -1.385157
  0.573938  -2.326533
  1.030870  -1.310399
 -0.592006  -1.249775
  1.285976  -2.678074
  1.912713  -1.328979
  2.188882  -1.234632
  2.021432  -0.711282
  0.978167  -1.550920
  0.333369  -1.764638
  0.930749  -2.702885
  2.090183  -2.137027
  1.729079  -2.416233
  1.756072  -0.552770
 -1.882888  -1.640450
  2.611958  -2.786824
  0.867114  -2.510033
  1.842491  -1.307508
 -0.017767  -0.881217
 -0.949633  -1.583008
  0.294608  -0.408421
  0.984848  -2.735351
  1.758114  -1.667839
  0.854377  -2.777585
 -0.427784  -1.544703
  0.996260  -2.109105
 -2.217194  -1.371904
  3.142742  -2.394818
 -0.455875  -1.564527
  0.667930  -3.779203
  0.712172  -2.314478
 -0.448540  -1.746408
 -0.141465  -1.090886
 -1.002755  -1.458649
  3.374558  -2.395599
  0.606247  -0.751833
  0.248932  -0.494504
  1.866795  -1.795703
 -2.986577  -1.338595
 -0.860515  -2.445338
  1.459244  -1.990742
 -0.478523  -1.449198
  0.878187  -0.446659
  0.246863  -0.885226
  0.049641  -1.142367
 -0.757707  -1.075618
 -0.651026  -2.083101
 -1.121334  -1.089010
 -0.505663  -0.954832
  0.543341  -3.124724
  0.817232  -1.897070
 -1.407352  -0.887590
 -1.321367  -2.368981
  1.709019  -1.638040
  0.584533  -1.603093
  0.026398  -0.420770
  2.684210  -2.049057
 -1.537820  -1.120559
 -0.297003  -0.678644
  1.064160  -0.553706
  1.616919  -1.709858
  0.342737  -2.693854
 -1.367256  -0.912901
 -0.412222  -1.168555
  1.344015  -0.907596
  0.362377  -1.171740
  0.522837  -0.854893
 -1.432523  -1.565088
 -0.512822  -0.292236
 -1.301142  -1.177190
 -1.468571  -1.899290
 -2.033849  -1.058991
 -2.314535  -0.092478
  0.959796  -0.887171
 -2.899468  -1.340868
  2.307379  -1.985267
 -0.445059  -0.324783
  0.660396  -1.936818
 -0.228292  -1.970680
 -0.820897  -0.989906
  1.185464  -1.573617
  3.093200  -2.978684
  3.342245  -2.669531
  1.780347  -2.503784
 -0.198265  -0.938806
  0.699810  -1.843117
  0.745716  -1.635713
  0.708451  -2.508136
 -1.634970   0.116125
  0.835196  -1.500814
  1.121315  -2.057383
 -1.588146  -1.741915
  1.576458  -2.788666
 -0.319298  -2.215787
  0.321220  -1.280448
 -1.356104   0.455120
 -1.413895  -1.636394
 -0.750403  -1.394910
 -0.152881  -0.654625
 -2.126766  -1.020437
  0.819747  -1.845731
 -0.204531  -1.159929
  1.797490  -2.856177
 -0.243138  -1.036842
  0.954957  -2.490384
  1.489296  -1.187224
 -0.590423  -1.464938
  3.051268  -1.449565
 -1.150974  -0.416113
  1.570253  -1.568772
  0.312762  -2.128889
  0.298625  -0.618029
 -1.960222  -0.641341
  0.523890  -1.121105
  1.940835  -2.064776
 -1.171437  -0.694662
  1.145771  -1.988581
  2.535323  -2.988984
  1.546478  -2.130154
 -2.161418  -0.451276
 -1.507612   0.369064
 -0.025107  -1.262712
  0.514833  -1.222498
  1.990834  -2.889518
  2.537726  -2.723474
 -1.095910  -1.006768
  0.104271  -1.757240
  0.120197  -2.365903
  0.381808  -1.978623
  0.269373  -1.959446
  0.045004  -1.631954
 -0.180381  -2.828973
 -0.006670  -1.264059
  0.127204  -1.138616
 -0.965222  -0.875471
  0.929630  -1.770226
 -0.323585   0.225015
  0.930778  -1.572177
  0.044868  -0.867416
  0.130671  -1.988585
 -2.050881  -0.222301
  0.737659  -1.805597
 -1.025493  -0.776845
  1.211854  -1.505959
 -0.754687  -0.665821
 -0.718463  -0.484361
 -0.355368  -1.808683
 -0.332943  -2.002670
  1.117132  -1.775924
  1.950853  -1.064353
  0.460859  -1.848142
  0.921703  -3.367063
 -0.611856  -2.024592
 -0.741968  -1.417564
 -0.032890  -2.385615
  1.529383  -1.731271
  1.775421  -1.605014
 -0.270659  -1.641413
  1.026438  -2.103206
  2.340670  -2.151932
 -2.040219  -0.408548
 -0.561455  -2.338435
 -0.669899  -1.103668
  0.996929  -2.522122
 -1.961044   0.119342
  0.693385  -1.258334
 -1.073759  -0.519237
 -1.411469  -1.088898
  1.088337  -1.145049
 -1.048277  -1.494131
 -0.390223  -2.355315
  0.052385  -1.355152
 -0.652626  -0.734338
 -0.574839  -2.317644
  0.237275  -2.082608
 -0.095913  -1.773064
 -0.528658  -0.802754
  1.764664  -2.046263
  1.512883  -2.207732
  0.011982  -1.836103
  1.145033  -1.422635
 -0.562843  -0.895657
 -0.331336  -0.369315
  2.300044  -1.959328
  0.545503  -3.522489
  0.877403  -3.024013
  1.444887  -2.401075
  0.359944  -2.873536
  0.102466  -1.570224
  0.084218  -1.952478
 -1.861015  -0.276389
 -0.898822  -0.953826
  0.102753  -1.499014
  1.315204  -2.491769
  0.561958  -1.131881
 -1.274247  -1.534078
 -0.089631  -1.019623
  0.486011  -1.764498
  2.004122  -1.984389
 -1.479204  -0.190123
 -0.673251  -2.367209
  1.011256  -1.111253
 -1.218643  -1.113604
  1.333625  -1.021943
  0.377549  -2.263860
 -2.853139  -0.576663
  2.718782  -3.807524
  0.628682  -0.746733
 -2.882517  -0.736762
  1.131267  -1.275813
  0.783649  -1.369366
  0.315108  -2.111398
 -2.626347   0.421263
 -1.438799  -0.113631
 -0.098256  -1.575499
 -0.041273  -1.811648
  1.039423  -2.099029
 -1.652614  -0.284082
  1.988483  -2.689405
  1.391015  -2.035137
  0.962636  -1.685091
  1.090611  -2.395182
  2.164420  -2.183659
 -0.000391  -0.685348
  0.261765  -1.495899
  0.256054  -1.979613
  0.518192  -1.625202
  0.195800  -1.561159
  1.567351  -2.071097
  1.616315  -1.201229
  1.457740  -2.005730
 -0.191985  -0.632978
 -1.633281  -1.490210
 -0.459145  -2.060632
 -0.679088  -1.350269
 -0.135634  -2.534865
  0.617368  -2.001216
  1.192541  -1.818802
 -0.859666  -1.554949
  0.624686  -1.230473
  2.758547  -2.916494
  0.581078  -2.441122
  1.072777  -1.705241
  1.204333  -1.345209
  1.275931  -1.665957
 -0.001382  -0.747044
  0.005265  -0.002684
 -0.256955  -0.425422
 -0.748926  -1.309361
 -2.853679  -1.216733
 -0.563816  -0.326234
 -0.976019  -1.191973
 -3.416791  -0.350958
  0.350746  -1.677505
  0.075901  -1.075337
  0.353547  -1.910536
  0.532790  -2.058820
  1.765100  -2.040043
  0.738095  -2.134879
  1.863987  -2.357922
  1.336625  -1.399937
  0.680605  -2.091557
 -2.221445  -0.453901
 -0.948849  -1.213894
  1.987528  -3.068928
 -1.669524  -0.716432
 -0.323007  -2.230902
  1.761103  -2.733293
 -0.148896  -0.939506
 -1.732690  -0.672526
 -0.190771  -1.230730
 -1.929800  -1.689235
  1.997469  -1.751402
  1.531346  -1.158491
  1.107358  -1.242725
  0.195135  -1.704903
 -0.581421  -0.852126
  1.054631  -2.041080
 -0.406998  -2.014201
  0.660569  -1.797877
 -0.767097  -1.283047
 -2.560737  -0.913371
 -2.661791  -0.349080
 -1.543356   0.393962
 -0.850626  -2.953588
 -0.036504  -2.361814
 -2.020624   0.059529
  0.643693  -0.851611
 -0.845957  -2.429353
 -1.191317  -0.285686
  1.713942  -2.721245
  0.518938  -1.864834
  0.813775  -2.313154
 -2.930955  -1.200762
 -3.007719  -0.257415
 -0.570660  -0.838427
 -2.761613  -0.705981
 -1.142461  -0.081366
  0.329760  -0.586179
  0.983550  -1.759159
 -0.276731  -0.546919
 -0.127549  -1.164946
  1.248576  -2.376896
 -0.079592  -2.176702
 -0.769429  -0.033426
  0.353035  -2.717534
  0.036261  -1.116769
  0.392493  -2.251641
 -2.057142  -1.551760
  0.937645  -2.325063
  0.888046  -2.656970
  0.472806  -1.087154
  0.757875  -2.272351
 -0.513465  -0.162719
 -0.274544  -0.993621
  1.037852  -1.547261
  0.350620  -1.785943
  2.816309  -2.862544
 -0.644859  -1.733967
 -2.286041   0.249375
  0.899273  -0.843359
  2.795298  -1.742988
  1.065469  -0.755925
  0.182772  -0.598714
  1.397950  -2.561055
 -0.761657  -1.151891
 -0.264739   0.059015
  1.420060  -0.759253
  0.816226  -1.575163
  2.568267  -1.808169
  0.227622  -1.345496
  2.085296  -1.967640
  0.028940  -1.877999
  1.052307  -1.629459
  0.077415  -1.532171
  0.468492  -0.806591
 -1.002987  -2.330356
 -0.054388  -1.441481
  2.012695  -2.805348
  0.254801  -0.257843
  0.767466  -2.390902
  1.314067  -1.383813
  0.934909  -0.990816
 -0.176937  -0.528203
  1.452837  -1.938798
  0.602042  -1.268920
 -0.774899  -2.445772
  0.594203  -2.560184
 -1.052598  -1.901788
  2.580818  -0.827801
  0.368587  -1.426038
  1.231062  -2.279282
  0.874196  -1.803060
 -1.669275  -1.682977
 -0.144881  -0.749173
  1.057368  -1.458761
 -2.142723   0.073763
  2.167586  -1.946139
 -0.006234  -3.056714
 -2.393961  -0.422328
 -1.022618  -2.922531
 -0.206610  -1.792293
  0.885204  -2.351170
  0.166744  -2.804769
  0.731152  -2.151087
  0.265480  -1.602253
  1.347578  -1.565703
 -0.091717  -0.531405
  0.531896  -1.807844
 -1.732773  -0.621642
  0.047582  -2.438940
  2.189183  -2.567183
  0.208911  -1.091800
 -0.441514  -0.125582
  1.400630  -1.299053
 -1.378967  -0.540991
  0.586734  -1.586774
 -0.449071  -2.387520
  1.679500  -2.368121
 -1.721868  -0.847479
  1.805727  -2.391815
  0.017214  -1.875225
 -0.213453  -2.477410
  1.009354  -2.056667
  0.178368  -1.771481
  2.232629  -0.582473
  0.265714  -1.140672
  0.744793  -2.228587
 -0.342018  -1.225091
 -1.859794  -1.537058
 -0.069183  -1.689282
  0.313261  -1.660549
  0.823617  -2.623910
  0.905323  -0.838317
 -1.122891   0.020878
 -1.078405  -1.001812
  0.403667  -1.500105
  1.599299  -0.295629
 -0.720748  -1.533346
  0.713097  -0.599623
  1.063134  -1.001347
 -0.290173  -1.590747
 -1.262674  -0.091576
  0.643827  -1.143319
  0.831981  -0.483583
 -0.135887  -0.649523
  0.682727   0.262484
 -0.066338  -1.706140
 -0.463581  -0.933402
  1.157089  -1.036281
  0.734364  -1.813907
 -2.359547  -2.420211
 -0.698929  -1.040957
  0.476900  -2.206648
 -2.864289  -0.641024
 -2.097441  -0.033898
  0.796439  -2.077593
  0.366489  -1.780968
 -0.641977  -1.186789
 -1.236506  -1.455889
 -1.533287  -0.420111
 -0.858433  -1.876664
 -1.382894  -0.127158
  0.191156  -2.404964
  0.460682  -1.254823
 -0.969481  -1.457392
  2.058254  -1.925867
  0.424698  -1.291476
  0.788266  -1.543723
 -2.319277  -1.296047
  0.431190  -0.726458
 -0.656591   0.418802
 -1.121453  -0.730679
  1.035464  -1.034281
  2.884619  -2.747050
 -0.189340  -1.719323
  0.598286  -2.190440
 -3.423460   0.103030
 -0.317596  -1.521721
 -1.526058  -1.585400
 -0.993927  -1.382281
 -1.214059  -2.044527
  1.773626  -3.019562
 -0.157365   0.862694
  0.297254  -0.987638
  1.087466  -2.054686
  0.146842  -1.716928
 -1.071735  -0.022360
 -0.524478  -1.501523
 -0.299216  -1.398252
 -1.268583  -2.323541
  2.695057  -2.356076
  0.779105  -2.060748
  1.255422  -2.081473
 -1.080947  -1.786649
 -0.531218  -1.503323
 -0.432539  -1.860747
 -0.532968  -0.838249
 -0.362088  -2.028234
 -1.464742  -1.727989
