$title=DATA2
 -1.170255   1.521434
  1.189693   0.632095
  1.072887   0.436518
  3.605371  -0.783366
 -3.903394   3.849991
 -0.576511   2.050802
  0.391610   0.882605
 -4.390096   2.593026
  2.385618   0.541474
  5.600578  -0.702455
 -0.066775   0.939988
  0.245116   1.518626
 -0.255457   0.745262
 -0.041363   2.078980
  0.200510   0.309029
  0.072426   1.005568
  2.867773   0.613390
 -1.585603   1.760540
 -0.302613   0.595451
 -0.456511   1.747799
 -0.213781   1.322211
  3.304285  -0.298628
  3.890998   0.058230
 -2.137796   2.235014
 -2.145247   2.885927
  1.178263   0.739852
 -0.484686   1.205159
  4.238851  -0.470588
  4.204876  -1.104878
  0.967157   1.089747
  2.174602  -0.483546
 -0.413584   1.192437
  1.736484   0.470828
  1.924256   0.916558
  1.685577  -0.645358
  3.450703   0.439034
  1.668858   0.382578
  0.507351   0.419855
  0.847315   0.889180
  2.148790   0.563701
 -0.458238   1.137298
  0.637477   0.296225
  4.184053   0.324615
 -0.895058   1.565594
  2.293439   0.088462
  1.148814   1.344492
  3.046066   0.324292
  1.735157   0.020699
 -4.972775   3.122047
 -0.705690   0.597545
  1.609779   0.157831
  0.552171   1.060670
  3.753377   0.107697
  2.828141   0.262508
  1.987939  -0.365995
 -0.099178   1.581451
 -3.484385   2.915016
  3.208104   0.633353
  0.646880   0.701266
 -2.709231   1.904065
  1.438091   0.233608
  0.204554   1.221747
 -1.108459   1.661853
  1.440153   0.344578
 -1.686301   2.158154
 -2.903169   2.534633
 -3.604174   2.680595
 -0.238089   0.914170
 -0.478974   0.729153
  0.674629   1.247006
 -3.481348   2.998196
  0.314784   0.485583
 -1.785431   0.771369
  2.978953   0.832026
 -0.078929   1.174990
  1.961953   1.054971
  0.626339   1.414468
  2.457961  -0.198880
 -1.928056   1.625500
  2.959516  -0.192497
  2.867410   0.298939
 -4.469583   3.201254
 -0.249655   1.285518
 -0.173348   0.281185
 -0.149367   1.787359
 -1.537822   1.692237
  0.877943   0.674269
  2.262491  -0.535085
  0.423257   1.204750
 -0.224376   1.362953
 -2.549983   2.183327
  0.734105   0.441583
 -0.555132   1.030807
 -1.945880   1.411530
 -0.820942   2.262734
  0.093420   0.772882
  0.586221   0.891176
  2.468336  -0.053246
  0.819564   1.315888
  2.670735   0.277591
 -1.334810   1.656168
 -2.001626   2.272659
 -0.378819   1.609857
  2.450234   0.713741
  3.653236  -1.013745
 -0.227177   1.352426
 -1.492435   2.114521
 -3.005929   2.341034
  1.010019   1.248120
 -0.822080   2.414580
 -2.755862   2.665329
 -0.009103   0.669720
 -3.058674   1.822939
  1.014951   0.781774
  0.080235   0.858017
  3.336011   0.024766
 -3.100313   2.771261
  2.258874   0.179704
  0.533372   0.868272
  0.387207   0.943725
  1.203121   1.080336
  1.963766   0.990368
 -1.897401   1.743458
  2.838122   0.083214
 -2.672084   2.494301
 -2.309415   2.277501
 -1.417485   1.872397
  0.035869   2.647394
 -1.979545   1.853183
  0.613835   1.126176
  0.961868   0.816895
  0.133876   1.411647
  1.445340   0.454742
 -2.634155   2.515258
  1.232875   1.594545
  0.301876   1.114320
  1.574836   0.618746
 -1.534160   1.433994
  0.442071   0.813706
  2.623194  -0.474318
  2.121672   0.442446
  0.366019   0.654025
 -4.076141   3.110310
 -2.089649   1.946373
  0.520832   1.027293
  1.017441   1.471149
  1.849022  -0.248077
 -1.226934   1.736683
  4.986405  -0.971761
  0.560664   0.696949
  1.686791   0.729641
 -1.104653   1.950935
 -1.663190   1.353148
  1.198379   1.026820
  1.463980   1.348945
  4.069282  -0.572884
 -0.448948   0.876360
 -3.046788   2.190498
  2.980428   0.464168
  0.634381   0.965050
 -1.696424   1.373480
 -1.022959   1.571065
 -1.552280   1.789867
  2.589726   0.108434
  1.795552   0.067243
  0.390835   1.243487
  0.581020   0.989978
 -1.311712   1.450594
  2.349394   0.104083
  1.028169   0.605497
  0.014918   0.777901
  0.244292   0.622676
 -0.666698   1.974100
 -1.495984   1.567410
  2.369589  -0.401056
  3.060615  -0.068920
  4.448073   0.169996
  1.352752   0.479743
 -2.309455   2.756040
  0.874691   0.530089
 -1.491864   1.333811
 -0.593922   0.906239
 -1.705350   2.275432
 -1.233549   1.325877
  0.663164   1.144190
 -1.286409   0.858695
  1.687094   0.352225
  1.363545   1.019728
  2.737919  -0.320599
  0.057194   1.180208
  1.071384   1.067148
  2.806659   1.045079
 -0.074676   1.492610
 -0.666813   1.829440
  3.739350  -0.235145
 -4.499489   2.418999
 -0.795740   1.468417
  5.272262  -0.992670
 -1.320504   2.127733
 -1.332602   1.974588
 -2.717616   2.522653
  1.079016   1.388006
 -3.941285   2.446047
 -1.168985   1.305618
  0.980684   1.087152
 -0.418455   1.839542
  0.936849   1.252878
 -0.073212   1.630355
  0.746438   1.610645
 -2.525982   2.155667
 -0.014900   1.728212
 -2.927065   2.150382
  1.279450   1.107000
  0.168144   0.483131
  0.679921   1.649229
 -0.101264   0.404678
  0.665102   1.047458
  2.335577   0.238103
 -3.198441   1.720380
 -3.675064   2.558444
 -3.605126   2.533421
  1.117462   1.443436
  0.846277   0.955619
 -1.517361   1.946414
  2.928553   0.307271
 -0.294002   1.941238
 -3.498063   2.860028
 -1.870724   1.807224
 -2.637045   2.115187
  1.153283   1.598620
 -0.939705   1.382222
 -2.562636   2.423366
 -0.595660   0.977087
 -1.155182   1.217109
  1.381160   1.106245
  0.748911   1.220378
  0.217189   1.584289
  1.225198   0.479267
 -0.269562   1.728913
 -1.808775   1.859716
  1.197900   0.754306
 -2.265786   2.701394
 -2.637202   2.711191
 -0.925482   0.464224
  1.649042   0.786782
  2.427787  -0.021566
 -3.167874   2.100324
  0.126822   0.846220
 -0.144511   1.962417
 -1.646614   2.290846
  1.344964   0.978751
  0.288880   1.399289
 -0.390680   1.515277
 -1.284183   1.916695
  1.322778   0.848166
  1.858486   0.473838
  0.798681   1.139907
 -0.202765   1.103725
  2.098627   0.295505
 -1.521487   1.563102
  0.442820   0.988441
  2.837902   0.230883
 -1.427325   2.803459
 -0.954985   0.940716
  4.406337  -0.784001
 -0.475351   1.447309
  1.004502   0.817578
 -1.106019   1.215097
  0.528684   1.148175
  0.680105   1.290920
  0.666016   0.430014
  0.945582   0.675099
  3.067043  -0.434107
 -2.654880   2.102650
  0.444720   1.102178
 -4.077671   2.850544
  0.681151   0.455528
  3.744083   0.059156
  2.021086   0.435423
 -0.540800   1.989423
 -0.681551   1.543839
  1.399747   0.464462
  2.286521   0.307756
  0.398546   0.799825
  2.597623   0.960912
 -1.231797   1.356619
 -3.025263   1.459129
 -1.244102   1.501406
 -0.800110   1.963376
 -0.914710   1.783703
 -1.607360   1.788778
  1.895626   1.353001
 -2.756083   1.831749
 -0.958639   1.614872
 -1.362992   1.236739
 -0.437009   0.965072
 -1.017669   1.360695
  0.751264   1.219278
 -2.864199   3.067273
 -1.850685   2.158392
  0.815754   0.417442
  2.328237   0.304595
 -3.235783   2.007324
  3.763967  -0.215546
 -2.140563   2.428464
  1.207034   0.944135
  1.704360   1.056596
  2.417991   0.641667
 -0.518984   0.990239
 -0.265367   1.687935
  0.432211   0.418943
 -1.432094   2.018748
  0.370842   1.324756
  0.307253   1.573381
  0.094310   0.500494
  0.473019   0.925901
  5.322243  -0.595702
  0.058896   1.202441
  1.096817   1.207526
 -1.107073   1.865033
 -1.211756   1.877953
 -0.636600   1.470593
  0.440734   1.790034
 -1.290440   1.460679
 -3.537731   2.405962
  0.492357   0.750070
 -0.701522   1.383328
  0.328411   1.396130
  0.856259   0.332950
  1.452396   0.777403
  2.217599   0.101147
 -2.829871   2.481161
 -1.936313   0.932073
  2.009319  -0.383361
 -0.038315   1.926808
 -1.640373   1.657495
  3.447547  -0.870269
  0.969178   0.086889
  0.401582   1.002785
  0.511163   1.145137
  1.432991   0.850456
  2.594813   0.792956
 -0.545112   1.510089
 -3.218215   2.219796
  1.607867   1.114381
 -2.645562   2.996284
  2.531582   0.341828
 -0.916548   1.373998
  2.543740   0.797095
 -1.214351   1.352542
 -1.357853   0.957523
  2.034750   0.447568
 -2.650082   2.174448
  1.378814   0.781526
  1.493771   0.169287
  0.118874   0.865816
 -0.229096   0.944745
  3.686209   0.377040
 -0.548700   1.300757
 -0.552484   1.656225
 -1.987532   2.113180
 -1.375369   1.549287
 -0.095407   0.309247
  3.282970   0.243121
 -0.968042   1.820002
 -0.874297   1.127391
 -0.745285   1.418221
  1.717994   0.401365
 -3.235334   3.031265
  1.356683   0.708864
 -2.568958   2.128540
  0.352853   0.582856
 -3.097755   1.879012
  1.795902  -0.040048
  1.131588   1.128809
 -1.502065   1.954716
  1.124598   0.424350
 -0.905864   2.790568
  1.951555   0.941017
  0.181730   1.300014
  1.254469   1.626855
  1.035332  -0.284606
 -1.100693   1.503452
  0.057797   1.146046
 -0.361135   1.388162
  2.321619  -0.071433
 -0.235381   1.495651
 -0.487501   0.333126
 -0.231404   1.302761
  2.232439   0.629039
 -0.669162   1.381826
 -1.332676   1.787789
  2.393249   0.029277
  0.061924   1.405346
 -0.412197   1.144395
 -0.547527   0.606512
 -2.619228   1.911941
  0.707663   0.658409
 -0.020755   0.718378
  0.506874   1.236286
 -2.737001   2.110553
  2.814826   0.119313
  1.324635   0.484798
 -3.712764   3.179745
  1.634552   1.162314
 -0.936768   1.404126
  0.669018   0.992085
 -0.155735   1.915363
 -2.425456   2.802078
 -5.968950   3.673918
  1.315623   0.588547
 -0.275059   1.004009
 -1.394462   1.984276
  1.338575   0.336676
 -0.725462   0.933107
  1.593623   0.482207
 -0.030345   1.620692
 -1.885649   1.879692
  1.637172   0.740111
  0.521734   1.512673
  2.451372   0.463059
 -1.089460   1.024145
 -2.016171   2.233342
  0.509309   1.222461
  1.461363   0.647596
  1.926330   0.344669
  0.386396   0.800093
 -0.328203   1.275478
  1.764999   0.222728
  4.187098  -0.456628
  2.535908  -0.346667
  0.526386   0.765040
 -0.676735   1.088253
  0.825475   1.162689
 -1.500041   2.338920
  0.103229   1.612148
  1.149915   1.267154
  1.606922   0.946020
  1.012173   1.086135
  2.456685   0.695248
  4.067512  -0.515433
 -3.965482   2.881397
 -2.788296   1.565213
 -1.965599   2.115040
 -3.385907   1.931350
 -0.124037   0.777488
 -0.324236   1.079163
  1.214472   0.178904
  0.670568   0.959516
 -1.733625   2.260748
 -1.348620   1.514519
  1.435869   0.921293
 -0.699391   1.484111
 -3.115682   2.769006
  0.214078   1.033098
  0.381830   1.181858
 -1.828829   2.908680
  0.880161   1.402524
  0.994824   0.419841
 -0.815463   1.957747
  0.464534   0.601601
  1.008622   0.843674
 -0.874532   1.600506
 -2.340325   2.354450
  0.001966   0.995576
  0.121763   1.380032
  0.289690   1.883112
  0.948196  -0.005673
 -0.269995   0.778077
  0.726491   1.476042
  0.035855   1.031142
  1.710815   0.586944
 -0.484556   1.758134
 -0.926259   2.495679
  0.547050   0.402542
 -1.252039   1.182754
 -1.650042   1.693380
 -1.753122   1.763279
  3.548871   0.037912
 -0.124413   1.076350
  1.385527   1.266795
  1.223957   0.354214
  3.648771   0.048585
  1.466497   1.135337
 -2.445331   2.164943
 -0.227930   0.970397
  1.801871   0.628546
  0.829620   0.754964
  4.813735  -0.705974
 -0.602581   1.992476
 -2.811954   2.027514
  1.254684   0.494458
 -1.304879   1.269900
  0.160279   1.177991
  2.917188  -0.478376
  1.486819  -0.068125
  0.614514   1.058588
  0.336088   0.478618
  0.021024   0.988026
 -0.441305   1.676234
 -5.763343   3.523207
  0.168112   1.821545
  2.519835  -0.124688
 -2.807082   2.504555
 -2.997010   2.326833
  0.747826   1.495008
 -2.919945   2.253327
 -3.531756   2.728131
  1.127738   1.316611
 -0.963169   1.311878
  2.760905   0.043678
 -1.779649   1.168552
 -1.036200   1.483495
  0.425965   1.195457
  1.536659   0.325161
  0.998138   0.875385
  0.659265   0.794243
 -0.126656   1.022973
 -1.371039   1.989035
  0.676875   1.320754
 -1.167797   2.088555
  1.446773   0.200048
  2.303374   0.344253
 -4.567937   3.002073
  4.238693  -0.828574
 -2.007879   2.722982
  2.577305   0.420307
  3.397640  -0.207441
 -3.222799   2.723572
  0.289676   1.250896
  6.824506  -1.056778
  0.018542   0.861587
  1.889381  -0.256922
  1.213478   0.333201
  2.891600  -0.083833
  2.034965   0.701281
 -2.010009   2.127956
 -0.368832   0.943453
  0.403869   1.417461
 -0.304015   1.581283
  5.118853  -0.592771
  1.417739   0.270473
  0.557920   1.394921
 -1.451766   1.603344
 -1.956168   1.370863
  1.550566   0.772418
 -0.507704   1.584125
  2.065449  -0.177917
 -2.368423   2.816202
  2.866251  -0.757884
 -2.652940   1.321684
  2.603964   0.861183
  1.618688   0.782719
  0.534561   0.803041
 -2.147805   1.900343
 -0.994644   1.841326
  1.019764   0.441379
  2.042211   0.914787
 -2.218265   2.235220
  2.665306   0.264478
  5.425853  -0.551688
 -0.552449   1.075943
  1.432415   0.308517
 -0.979744   1.327863
 -3.704191   2.882655
  3.097598   0.031534
  1.683186   0.408488
 -0.419283   0.872272
  0.868661   0.371428
 -0.337806   1.299632
 -3.212271   2.723422
 -6.069707   3.766126
 -0.232809   1.508779
 -0.637130   1.249421
 -0.832393   1.288154
 -1.698401   1.910734
 -3.857240   2.892510
 -1.349700   2.070385
  1.420812  -0.260672
 -1.927295   1.800218
  1.448065   0.253267
 -0.192035   1.026885
 -0.884735   2.260319
 -2.302931   1.593984
 -0.585917   0.608169
  0.837237   0.976877
 -1.361164   1.575417
  0.628674   0.777622
  3.565661   0.383046
  1.406734   0.963012
  1.967036   0.689225
  4.848974  -0.571248
  2.248037   0.583502
  1.030981   0.699448
  3.836326  -0.022282
 -1.910928   2.077605
 -1.367072   1.788103
  4.366603  -0.589604
  1.255608   0.512757
  0.522236   0.529668
  0.549194   1.445619
 -0.382307   1.292648
 -0.143002   0.926155
 -0.948792   1.801666
 -0.721607   1.186069
 -1.926308   2.023462
 -0.701948   2.099934
 -1.435919   2.082663
  3.004722   0.098721
  0.632289   0.913388
  1.209488   1.651410
 -0.072701   1.123365
 -0.178720   1.373097
  2.420715   0.514791
  2.551893   0.742777
  0.084357   1.246105
  3.248208   0.256252
  0.897538   1.022589
 -0.412599   2.535379
  3.984467   0.241407
  3.520864  -0.399143
  2.454834  -0.197320
  1.655590  -0.110364
 -1.784999   2.609081
  0.276824   0.712200
  3.209411   0.553374
 -4.067528   2.779618
 -0.410659   0.620848
 -1.188786   2.492612
  0.152320   1.376365
 -4.202935   3.408888
  0.991949   1.000310
  1.458880   0.770073
 -1.237532   1.127814
 -0.402458   1.328287
 -2.308410   2.011057
  3.993939  -0.850021
  0.857031   0.881299
 -0.444558   1.399412
 -1.347655   1.300016
  0.121557   1.322329
  3.966840  -0.700937
  0.923701   0.607113
  0.759782   0.970266
 -1.937412   1.549992
  0.247832   1.285168
  1.801712   0.409159
 -2.165092   1.504025
  1.885664   0.968715
  4.645769  -0.105127
 -3.181558   2.500283
 -4.225891   2.901279
 -0.490803   1.799033
  1.138655   1.245519
 -0.054490   1.210108
  0.020999   0.965144
  0.184480   1.064636
 -2.530305   2.585004
 -2.525980   1.477776
  3.465035  -0.238780
  0.205152   1.581604
 -2.587687   2.426302
  2.447664   0.132816
 -2.311745   1.856028
 -0.044485   1.120737
  1.692074   0.485518
 -0.381273   0.194930
 -0.361892   1.103648
  0.034281   1.305426
  2.784445   1.358101
  1.695391  -0.054577
 -0.362143   1.009204
 -0.139546   1.048267
  0.012535   0.744611
  2.980349  -0.126298
  0.461442   0.148642
 -1.370240   1.583928
  0.830495   0.663368
 -0.313026   1.524174
  1.639468   0.654206
  1.494181   1.160611
  1.484781   1.415681
  1.324831   0.788717
  1.929064  -0.030787
  3.715830   0.044379
 -2.790884   2.744993
 -0.512080   1.304545
 -3.363341   2.477680
  2.361620  -0.052127
 -0.539891   2.042341
 -0.650911   1.577664
 -3.037154   2.000941
  1.256678  -0.003787
 -0.065897   0.886455
 -2.041945   1.393338
 -1.906105   1.590610
 -1.525979   1.844508
 -0.753324   1.805105
 -3.165171   2.306067
 -0.273279   1.306009
  1.145877   0.963332
 -1.848188   2.999365
 -1.394794   1.794225
  0.647505   1.023887
  1.531981   1.380415
 -0.791677   1.482074
 -0.476071   1.030318
 -3.111363   2.640478
 -1.618514   1.555540
  1.207060   0.864546
 -0.508852   1.744614
  1.234384   1.130450
  2.171807  -0.277828
  1.951652  -0.548628
  1.940857   0.208759
  2.320671   1.150205
  1.135067   0.903597
  1.021069   0.766119
  0.109199   1.069284
 -2.783606   2.579081
 -1.017477   1.666991
  0.533967   1.213969
 -1.072945   0.586453
  1.113697   0.725017
  0.740108   0.937712
  0.715399   0.546827
  0.718442   0.925830
  0.447000   0.753609
 -0.327390   1.681028
  0.368847   0.794056
  1.324612   1.325776
 -0.036061   1.169288
 -5.443369   3.404083
 -1.890152   2.846179
  0.471142   1.049315
  1.295236   1.421819
  3.309280  -0.417333
 -2.562734   2.861654
  2.165351  -0.096387
  0.614413   0.941362
 -0.133676   1.072924
  0.703211   0.419646
  0.674183   0.357222
  0.093118   1.438884
  1.229695   0.134544
 -0.564593   0.756804
 -2.441385   2.505780
  2.001617   0.507765
 -0.484584   1.511061
  3.296327  -0.335308
 -1.589150   1.618853
 -1.180335   1.710783
  2.812184   0.311864
  2.031518   1.308755
 -1.594605   1.426695
  0.592553   0.910282
  2.346667   0.769382
  2.276394   0.845496
 -1.465331   0.770725
  3.456534  -0.157617
  1.724590   0.292450
  0.570836   0.978353
 -0.558965   1.597455
 -1.969152   2.037261
 -0.225327   1.769914
 -0.588279   1.576620
  4.475524  -0.177381
  0.050760   1.588890
 -0.417041   1.510702
  0.709295   0.337956
 -1.124863   1.602736
  4.927728  -1.223080
  0.844992   1.398144
  1.247013  -0.197510
  2.565166   0.068857
  0.011915   1.215392
 -0.052375   1.176755
 -1.840477   2.647091
 -1.104950   1.571396
  3.532892  -0.283951
  1.344844   0.993199
  0.851195   0.344011
  3.188040   0.357680
  0.049638   1.273899
  0.868298   0.707817
 -2.357333   1.682772
  1.600435   0.100741
 -1.826189   0.934693
 -1.608338   1.522120
  1.608842   0.991245
  1.136963   0.472131
 -2.316850   2.671031
 -0.242228   0.854335
 -0.375998   2.274271
  0.871166   0.570920
 -3.261105   2.312584
 -2.897086   2.797191
 -3.908570   3.044043
  0.331572   0.721707
 -3.577397   2.708615
  2.006631  -0.000586
 -1.045420   0.751863
 -2.343481   2.260695
  4.414509  -1.085408
  5.329147  -1.576799
 -1.448329   1.633825
 -0.596594   2.005244
  3.379195   0.599033
 -0.236928   0.577112
  3.450037   0.039390
  1.344411   1.091339
 -0.224577   1.693827
 -1.294001   2.318011
  2.681884   0.999564
  1.107607   1.194811
 -0.450019   0.680433
  0.867200   0.904510
 -0.948595   0.867453
 -0.163119   1.790949
  2.295098   1.199697
  2.088030  -0.430562
 -1.748833   2.140916
  0.957983   0.700482
 -1.017156   1.299861
  4.469223  -0.722118
 -3.963048   3.075900
 -1.343202   1.799887
  1.679037   0.560942
 -1.672473   1.925492
 -0.316232   1.742361
  1.800445   0.179544
  2.941063  -0.168046
 -2.006692   2.160443
 -0.948494   2.213752
 -1.380532   2.205970
 -0.048498   1.140327
  1.460019   0.083569
  0.004823   0.111371
  2.110691   0.049861
  0.426316   1.546780
 -0.544647   1.109487
  0.526091   1.129405
  1.939382   0.624413
  3.080572  -0.853964
  0.840440   1.463407
 -0.948376   2.413027
 -1.070012   1.516872
  0.092450   1.599001
 -0.435703   0.978520
 -0.804205   1.716253
  0.934726   1.827807
  2.329969   0.992658
  1.607146   0.321192
  4.596119  -0.823819
 -2.884567   2.165656
  0.274823   0.977047
  0.335211   1.035968
  2.675290   0.858701
  0.994317   0.944355
 -1.284988   2.361888
  1.220371   0.748838
  1.434309   0.636287
  0.107175   1.500834
 -4.029124   2.717947
  2.211761   0.341405
 -5.945019   2.444337
  0.853125   0.384373
 -3.189891   2.523725
 -0.824563   1.699147
  3.528796  -0.670287
 -0.936113   1.544174
  3.610215   0.209200
  2.184098  -0.087593
  0.104484   0.688457
 -2.196015   2.453284
 -0.030130   0.390511
  0.642385   1.164410
 -4.954398   3.277977
  2.152380  -0.356643
  0.725523   0.874776
  2.262932  -0.113962
  4.068632  -0.143630
 -0.314156   1.090021
 -1.022405   0.769104
  2.131666   0.744040
  1.586307   0.916575
  0.129532   0.852492
 -1.281823   1.845034
  1.230892   0.154520
 -1.506873   1.120105
  0.785799   0.390071
 -1.071981   1.485556
 -1.232433   1.350887
  1.117394   1.670492
  0.212559   1.073198
  2.491927   0.598040
 -2.263882   2.194529
  0.415600   1.206319
 -2.007644   1.935217
  0.747243   1.491411
  3.205218  -0.424150
  1.354054   1.466010
 -4.321432   2.933793
  1.983701  -0.008862
 -0.379221   1.807439
  0.221546   1.639340
 -1.740832   2.534039
 -2.901527   1.956399
  1.097440   1.553719
 -0.990397   1.627508
  0.158556   0.459144
  0.809548   0.553401
  4.631437   0.049231
  3.755912   0.734118
 -1.898972   1.274704
 -0.751930   1.377652
  2.350105   0.092255
 -4.794147   3.633716
  2.961597  -0.220949
 -1.113516   2.153568
  3.137856  -0.156651
 -1.955738   2.183428
 -1.061234   0.930401
  3.932576   0.542147
  2.291194  -0.589962
 -0.633397   1.534889
 -2.088579   2.066396
  2.652378  -0.083287
  1.236696   0.324122
 -4.575225   2.983745
 -1.157861   1.093493
  5.921428  -0.817096
  1.409361  -0.575014
 -2.808093   1.171194
 -1.589400   1.687961
 -1.218123   2.091612
  2.241386  -0.322064
 -0.512604   1.656169
  0.088288   1.371466
  0.359327   0.789225
 -1.740011   1.747800
  1.386325   1.707651
  0.060144   0.520622
 -1.006135   1.731120
  0.403757   1.135743
 -0.159990   1.376328
 -0.893284   1.472741
  0.237100   1.225016
  4.355099  -0.394406
  1.963094  -0.248924
 -0.884565   1.207359
 -1.683276   1.846115
 -0.465636   1.449837
 -3.231799   2.531752
  2.644981   1.300061
  1.288027  -0.005243
 -2.463457   2.309568
  0.292177   1.140509
 -2.675106   2.054227
  1.577698   0.334132
 -0.173972   1.176889
 -0.114354   1.523714
  0.627179   1.160274
  2.531114  -0.399085
 -1.879378   2.216689
 -2.854732   2.244838
 -0.963472   2.358842
 -0.965794   0.994663
  1.284476   0.419100
 -2.678812   1.277245
  1.791832   0.578814
  0.254415   1.543258
 -1.823016   1.568983
 -0.256380   1.026686
  1.890246   0.410481
  4.923699  -0.543399
 -1.040081   1.989179
  2.806088   0.245097
 -1.332337   1.403165
  0.228221   1.388373
  0.350798   0.439799
  0.504897   1.279452
 -0.754306   1.335172
 -3.645054   3.367186
 -0.105475   0.917317
  0.780056   1.107942
 -0.920875   1.538149
  0.263932   0.597635
  0.496384   1.408009
  2.207000  -0.572410
 -0.403815   0.428164
  0.206649   0.512919
  1.209474   1.364721
  0.307100   1.520561
 -1.924199   1.252165
  3.220441   0.017664
 -0.735477   1.085124
 -1.349556   1.733933
 -3.631652   3.345441
  0.314570   0.673360
