$title=DATA3
 -0.979812   3.235692
 -0.107888   2.774617
 -0.275856   1.304924
  0.103002   2.151569
 -0.178164   1.192510
  1.143514   2.295282
  1.854353  -0.777985
  0.436848  -0.052720
  1.337620  -0.351924
  1.590532  -1.661291
  0.897987  -1.787084
  0.390482   1.083963
  0.085859   1.307736
 -0.630533   2.674628
  0.418010  -0.391803
  0.909975  -0.933117
  0.508344  -0.072289
  0.981258  -1.260764
  0.697296   3.544100
  1.463274  -0.175082
  0.007052   0.332223
  0.564171   0.965885
  0.955223   1.469746
  0.264787   1.630436
  1.006406   1.030586
 -1.322296   3.294205
  1.267234  -2.208935
  1.253030  -1.289521
  0.682387   1.591716
  0.312109   0.516250
  0.210030   1.190778
 -1.244757   3.290884
  1.980872  -2.477378
  1.428287  -0.352251
 -0.518033   1.224997
 -0.937178   0.472002
  0.261166   1.291372
  1.504355  -1.692302
  1.668994  -1.477460
  1.349748  -2.105005
  1.597829  -1.513114
  2.696231  -1.570175
 -1.268580   4.547071
  1.270680  -1.759486
  0.639038   0.780780
 -0.155876   1.948209
  1.500031   0.592920
  0.672673   1.844911
  2.101733  -2.724175
 -0.469395   1.765899
 -0.285162   2.957263
  1.189444   0.362604
 -0.334700   3.221043
  0.817989   1.618419
  0.195487   3.725604
  2.020256  -4.455066
  1.214151  -0.726027
  0.253931   0.416224
  0.016184  -0.609186
  0.260722   0.187573
  3.400056  -1.226701
  0.651217   0.420779
  0.455519   1.743663
  0.445107   2.570462
  2.442139  -2.147069
 -1.252883   2.135821
  2.007028  -2.865806
 -0.103011   0.917948
  0.415063  -0.230965
  1.485484  -0.915176
 -0.351460   1.278066
  1.211174  -1.201299
  0.651687  -1.033730
 -0.874129   1.720594
  0.927681   0.035605
  1.391250  -1.619091
  1.426779  -0.154658
  0.068304   0.873512
  0.696997  -0.020449
  1.395693   0.558243
  1.261112   2.403449
  0.245625   1.858747
 -0.753842   2.808707
  1.019320  -0.086151
  1.067398   0.007279
  2.400830  -1.044897
 -1.046364   1.715261
  0.341574  -1.082284
  1.193139   0.218100
  0.610420  -0.449534
  3.009094  -2.000345
  0.311010  -0.246201
 -1.951602   1.953969
  1.573555  -2.450692
 -0.890151   2.535356
  2.159080   0.902939
  1.164008  -0.023149
  0.305602   1.355598
 -0.409953   1.794233
  2.817878  -1.968840
  1.004823   2.782113
  0.171078  -0.019044
 -0.078074   1.031063
  0.519915  -0.307096
  2.122082  -0.550774
  2.878062  -2.010643
  0.747917  -0.161890
  1.177562   0.614742
  1.101307  -1.404587
 -1.170800   2.676354
  0.864074   0.336208
  0.104493   2.904821
  0.209278   1.529121
  0.536588   0.526437
 -2.549424   2.563554
 -0.091794  -0.536920
  1.555797  -0.021348
  0.863396  -0.750593
  0.127632   0.685217
  0.341940  -0.330205
 -0.524609   1.977243
 -0.090190   1.512649
  0.003695   3.231931
  0.453712   2.781107
  1.352987   0.790430
  0.659209   1.648642
  0.646345  -1.057507
 -0.272521   2.996557
  1.845665  -2.218959
  1.015484  -2.018783
  1.277634   3.422292
  0.951115   0.374694
  1.644441  -1.641386
  2.430683  -1.773238
  0.216131   0.953789
  1.376315  -3.019375
  1.499528  -1.531301
  0.686466   0.946159
  2.884686  -2.283832
 -0.365031  -0.441400
  0.167522   0.335155
  0.801392  -0.011974
  0.737001   0.344615
  0.495733  -1.491863
  0.156947   1.249710
  1.611150   1.045588
  0.678514  -1.606938
 -0.219746   1.922570
  2.626710  -0.395049
  1.738348  -0.494005
  2.389803  -1.022465
  0.690054  -0.271022
  2.894393  -2.562019
  1.783434  -2.389720
 -1.346172   2.595520
 -0.717973   1.322253
  1.389247  -1.329715
  0.542200   2.227517
  0.548222   0.331212
  1.917475  -0.407211
  2.637781  -1.577706
  1.178786  -1.508505
  0.899334  -2.230325
  3.305759  -4.562673
  0.690360   0.635509
  0.203466   0.521881
  0.013572   2.030330
 -0.119208   0.813391
  0.833791  -1.466407
 -0.273119   1.572957
 -1.432725   4.175600
 -0.759854   2.360308
  1.210118  -0.545010
  1.961442  -1.728937
  2.047704   0.207448
  3.320019  -1.744189
 -0.514507   1.226977
  2.294658  -3.245768
  0.823984  -0.961039
  0.168651   1.329870
  0.249934  -0.489479
  1.731075  -1.411897
  1.451684  -0.757723
 -1.331094   1.927427
  1.890520  -1.889770
  1.653928  -1.125476
  0.453294  -0.078900
 -0.375727  -0.041386
 -0.184561   2.240043
 -0.675963   0.828807
  0.627172   1.627916
  0.274923   0.385308
  0.361403   0.324596
  0.930078   1.579627
  0.364418   1.008085
 -1.213202   2.097149
  0.047404   0.073956
  0.125773   0.354109
 -1.253628   3.114313
  1.697024   0.119206
 -1.758375   3.294094
  1.201448  -0.905323
  0.365501   1.096572
  0.278410   1.606407
  1.456467  -1.124806
  0.329040   2.477924
  0.459634   0.138798
 -0.304535   2.579054
  1.967412  -0.058372
  1.836553  -1.002596
  1.492542  -0.761064
  1.292979   0.633335
  1.579247  -2.940831
  1.498603  -0.625336
  1.156083  -0.172214
  1.419362  -0.129652
 -0.076873   0.152928
  0.776306  -1.503651
  1.398826  -3.732697
 -0.129768   1.943151
  0.684174   1.611510
  0.506317  -0.013803
  2.065281   1.528302
  1.262322  -1.157047
  1.986398  -2.834039
  1.421415  -0.749538
  1.855428  -0.965846
  0.585212   1.252278
  0.837306   0.272390
  0.012366   0.192420
  1.186787  -2.131726
  4.222702  -4.638335
  0.852873  -1.539314
  0.639891   1.236571
  1.688581  -1.018837
 -1.026402   0.121409
  1.984660  -0.806928
 -0.233596   0.295354
  1.322789   1.175305
  1.022731  -0.032903
  0.627337   0.654612
 -0.088514   0.284593
  1.171634   0.357266
  1.987686  -1.173674
  1.481017  -0.383964
  2.306003  -2.020198
 -0.886954   2.969020
  0.789474  -2.762105
 -0.831987   2.326285
  0.814510   1.419367
  1.330244  -0.694623
 -0.178577   2.041519
  2.183661  -2.205983
  0.164445   1.140992
  1.432779  -1.292439
  0.285906   2.169611
 -0.165352   1.895021
 -0.162966   2.986246
 -0.941628   2.207137
  2.441659  -1.867582
 -2.084135   4.004760
 -0.794061   3.829872
 -1.492721   0.031443
 -0.779432   0.038599
 -2.499240   5.653503
  1.349255   1.799522
  0.760066  -0.028526
 -0.496823   3.359536
 -0.823790   4.737154
 -0.795710   2.311823
  0.403061   0.096387
 -1.581248   2.447629
  1.178250  -0.591572
  0.587743   1.389717
  0.323605   0.535611
  1.402773   1.909028
  1.110830  -0.611695
  0.333905  -0.135135
  0.731126   0.911008
  0.551695   0.752579
 -0.014589   1.705435
  2.024457  -3.824715
  2.081174  -1.545208
  0.835434  -2.085738
 -0.464089   1.909245
 -0.644422   2.825299
  0.966596   1.395801
  0.389863   1.571603
 -0.228147   1.987325
  0.840829   1.058433
 -0.638039   1.825411
  1.097556  -0.232080
 -1.127639   3.712740
 -2.110102   4.970544
  0.483492  -0.018457
 -0.365585  -0.603022
  2.507014  -4.646138
  2.310533  -3.598315
  0.036287  -0.121783
 -0.402047   2.151042
  0.481378  -0.384262
  0.351363   0.605379
  2.277220  -1.152861
  0.345852  -0.958982
  2.101754  -2.415496
  2.135460  -2.334069
  3.596596  -4.147950
  0.287707   0.254251
  0.149259   1.901185
  2.628801  -2.633007
 -0.148011   2.145195
 -1.365662   3.176589
  0.803254   0.398708
  1.255227   0.802977
  0.244673   3.420757
  0.274777   2.572168
 -0.804372   0.180210
  2.657545  -1.414681
  0.968215  -1.536336
  0.133839  -1.459231
  1.195516  -1.765028
  1.711198  -3.555712
 -0.457084   0.310883
  0.933110   1.646914
  0.171442   0.348579
  2.523969   1.342717
  0.880673   0.546221
 -0.595182   3.054936
  0.586194   0.250773
  1.226987  -0.678281
  3.119036  -3.553538
  0.750313   0.424653
  1.395279  -2.333110
  2.096303  -2.408744
  1.313882  -1.735983
 -0.284981   1.674125
  0.489472   2.373595
 -0.091372   3.844347
  1.555690  -2.854698
  2.454202  -1.392249
  0.699814  -0.498955
  1.935690  -2.495771
 -0.086490   1.357868
  0.901763  -0.520838
  0.507019   0.583671
  2.546484  -0.993488
  1.066157  -1.277671
  1.586690  -0.956035
  0.361469  -1.357062
 -0.002715   0.669830
  1.134740   0.964021
 -0.180714  -0.762226
 -0.850330   2.620182
  0.397598  -0.979666
  2.524261  -1.630464
  0.273320   0.258153
  0.967170  -0.365726
  0.071690  -0.893381
 -1.603071   1.949819
  0.714233   0.040578
  2.635345  -1.941454
  0.336319   0.495421
 -0.584757   1.055638
 -0.450405   3.273420
  1.128349  -0.457316
  0.249234  -0.106196
  1.846977  -1.999627
  0.397024   0.562430
 -1.687134   4.272644
  0.219031   0.354261
  1.498651   0.386381
  1.872163  -0.840089
  2.185291  -2.169088
  1.867844  -2.095364
  1.926746  -0.964876
  2.867626  -2.431092
  2.477485  -2.931767
  0.928027  -0.941736
  0.154234   1.595674
  0.378184   1.306268
  1.516405  -1.063463
  2.064634  -0.346597
  0.435702   0.184788
  2.433803  -1.926031
 -0.145678   2.795132
  0.192357   0.246917
  0.317580  -1.718207
 -0.013521  -0.410878
  1.692389  -0.547022
  0.501328   0.268162
  2.750879   1.156136
  0.736041  -1.461328
  2.839401  -2.566996
 -2.057937   3.643628
  1.153895  -1.912149
  1.005972   1.227389
  2.894182  -1.439743
  0.970097   1.830312
  2.717923  -1.296687
  2.948707  -6.690709
  0.026165  -0.069781
 -0.653700   2.289124
  1.705551  -1.898320
 -0.225487   1.741760
  0.531819   0.412236
  0.071993   0.381977
  0.822249   0.226446
  1.375764   0.100570
  1.492465   0.721698
  0.884940  -1.010395
 -0.355072   0.864329
 -0.237696   0.543921
  1.021551   0.929412
 -1.814990   5.203080
 -0.653064   3.186747
 -1.105351   4.073159
  0.329843   1.035244
  1.280666  -1.373126
  3.384700  -2.104943
  0.663077   2.419776
 -0.518318   2.361525
  0.170581   2.047160
  1.267699  -2.253392
  1.858641  -0.407826
  0.190234   0.715601
  0.690623   0.970172
  2.028441   0.240989
  0.979127  -0.815863
  0.764567   2.031966
  0.354857  -0.435016
  0.270314   0.854845
  1.906125  -0.783649
  0.078370   2.323821
  0.663055  -0.055246
 -0.445284   0.532716
  1.362453   1.207772
  0.984082   0.388303
  1.257581  -2.688307
  0.670811   0.712044
 -0.094894  -0.810569
  0.593064   1.373974
 -0.785836   3.746082
  0.328069   0.515613
  3.357216  -3.989885
  2.583375  -0.484085
  1.709168  -1.535095
  1.227388  -1.329540
  1.680235  -2.407434
  1.187656  -2.065895
  1.763154  -0.650005
  2.089622  -1.774806
 -0.472286   2.647436
  0.493074   0.470182
  0.683240   0.057586
  0.118449  -1.091391
 -0.404008   0.676977
  2.154711  -1.326055
  1.479568  -1.160312
 -0.358176   3.098303
 -0.445301  -0.548755
  1.199756  -0.526850
 -0.077743   1.360908
 -0.637630   1.021013
  0.424753   0.755758
 -0.292249   3.485723
  1.701424  -2.177552
  3.343161  -3.299783
 -1.193126   0.845178
  1.645040   0.037544
  1.218877  -1.787396
 -0.229424   0.367901
  1.769723   0.727476
 -0.321859   2.509398
 -1.415384   1.912251
 -0.593922   3.068577
  1.383049  -1.323573
  1.173651  -0.148715
  1.806537   1.180200
  1.213721   2.401031
  2.154433  -1.986992
 -1.572289   2.976922
  0.337610   1.979735
  0.281129   1.526222
  0.648814   0.070652
  1.928944  -1.434634
 -0.042089   0.233018
  1.050916  -2.873394
 -1.462087   2.691955
 -0.304160   0.047245
  1.784775  -1.284210
 -1.334627   5.709187
  2.318869  -1.607923
  0.121902   2.806284
  1.336499  -1.813184
 -0.660416   3.461053
  1.608428  -2.818753
  0.714223  -0.064358
  2.129691  -1.071070
  0.071898   1.792107
 -0.124974   1.129069
 -0.125618  -0.027011
  2.986151  -3.918807
  0.351102  -0.163348
 -1.098047   1.214208
  1.802773  -1.729824
  0.760295  -0.929383
  0.274276   2.300722
  1.290966  -0.091355
  1.712576  -0.580122
  0.003902   0.111551
  0.828732   0.470777
  0.347761   1.102822
  0.073477  -0.089025
  1.278909  -1.838935
  1.576620  -3.096220
 -0.871444   3.227482
  1.997054  -2.485567
  0.877433   0.134586
  0.438448   0.704460
 -1.101271   2.558990
  0.431619  -0.158433
  0.635364   0.094822
  0.834632  -0.241212
  0.179919   2.543607
  1.791015  -2.412651
  2.498984  -2.113304
  2.099238  -0.097896
  0.436598   1.114800
  1.117215  -1.523282
  1.153108   0.705682
  0.066027  -2.212498
  0.707846  -0.313534
  0.000282   3.022304
  0.775451   0.802280
  2.522911  -0.937346
  0.498444   0.419960
 -0.113614   0.806364
  2.260430  -0.738426
  1.647463   1.953696
  0.117474   0.664530
 -0.164239   3.061549
  2.328100  -2.311177
  0.755135  -0.294693
  0.904418   0.831654
  1.128326  -1.311788
 -0.029518   2.302676
  1.988945  -3.286307
  3.445742  -5.922298
 -2.119026   3.476295
  0.926596   0.416406
  1.754706   0.567284
 -0.199664   1.513131
  0.788413   1.337387
  0.897553   0.344544
  0.010137   1.937828
  1.536633  -1.881551
  2.093850  -1.471519
  0.977546  -0.763704
  1.135597  -0.517355
  0.032019   3.864518
  2.015962  -2.981617
  0.605548   0.445164
  1.218421  -0.717921
  2.037299  -0.853345
  0.327830   2.901500
  0.466228   1.672539
  0.827941  -0.655862
  0.489259  -1.188228
 -0.755642   3.058790
  1.282020  -1.604694
 -0.914680   1.361515
  0.351411   1.270339
 -0.857620   0.318378
  2.153322   0.428853
  0.803864   0.290457
  1.259936  -0.662824
  0.390581   1.636988
  2.496156  -0.887653
  0.255229   0.522706
  1.993735   0.071898
  2.012959  -0.838760
  0.084478   2.356571
  1.191564   0.019961
  0.857813  -0.129116
  3.074787  -0.442693
 -0.403863   0.667454
 -1.109773   3.223547
  1.014534   2.356161
 -0.384706   1.091150
  0.023279   1.867907
  1.078750   0.222845
 -0.760143   1.619581
  1.929156  -1.186221
  1.174025   0.468845
  2.272519   1.218606
  0.332904   1.801014
  1.754295  -1.267189
 -0.517302  -0.633601
  0.977307   0.259256
  1.981695  -0.929713
 -0.009794   0.185326
  0.784406   1.408492
  2.560560  -1.466390
 -0.197957   2.075326
 -0.543216   1.193100
  1.788258  -1.838954
  0.693583  -0.266056
 -0.517208   0.407909
 -0.295694   0.852641
  1.085882   0.706151
  1.041901  -2.842506
  0.351355  -1.431428
  0.969232   0.000270
  1.343764  -0.083874
 -0.100230   0.103660
  0.332284   1.379107
 -0.147066   2.826019
  2.217978  -0.702266
 -0.709000   0.090869
  2.563996  -2.824774
  0.080991   0.001285
  0.714925  -0.136239
  1.815194  -1.856047
  1.569119  -1.766917
  0.274760   3.106657
  1.728590  -1.343730
 -0.630136   1.700294
  2.274834  -1.250270
  2.071577  -3.444429
  0.757541  -1.156871
  1.157631   0.309856
  1.815706  -0.621659
  0.363862  -0.708613
  1.303014   0.927621
  1.492979  -0.739938
  1.129132  -0.052308
 -0.910523   2.352273
  0.340199   0.057649
 -1.496623   0.711018
  0.276267   0.640354
 -0.152508  -0.577769
  0.603743   0.207199
  1.133770   0.021422
  1.649210  -0.607461
  0.579357  -1.238819
  0.746040   0.678281
  1.891564  -2.598671
  2.179179  -1.177556
  0.942367   0.728785
  1.651231   1.081322
 -0.072622  -1.260184
  2.494217  -0.857496
 -0.041444   0.983232
 -0.162777   1.233477
  1.335156  -1.149425
  0.629146   0.658388
 -1.090626   2.123770
  1.950454  -1.954677
  1.513395  -1.334235
  2.569898  -1.205369
  1.032973   0.485490
  1.485263   0.679032
 -0.610295   2.298896
  2.829296  -2.436573
  3.435884  -4.361863
  0.267518   1.189025
 -0.074421   0.848325
  1.842270  -0.810324
 -0.604142   2.909383
  0.895786  -0.539017
  0.567207  -0.132560
  1.656307  -1.168034
 -1.537157   3.227808
  0.800849   2.629746
  1.028178  -1.156588
 -1.339054   4.351846
  0.533472   0.230085
  1.403825   0.531790
 -0.744549   2.093549
  0.380376   0.028545
  0.939411  -0.309126
  0.091286   2.177985
  2.469575  -0.299611
  1.561974   0.418542
  0.063811   0.372138
  1.117488  -1.765876
  1.984484  -0.764121
  0.979032   0.594017
  1.403263  -3.586060
  1.440648  -0.567383
  1.500321   1.862501
 -0.792078   1.850831
 -0.045859   0.406404
  0.331560  -0.484842
 -1.065896   0.219502
 -0.874956   1.586629
  1.109022   0.164689
  1.141246  -1.426117
  1.755548  -0.667838
  1.106420   0.755360
 -0.149514   0.592057
  0.679436   0.909760
 -0.120044   1.956116
  1.697258  -0.955783
 -1.057691   4.759268
  1.717926  -2.465190
  1.269533  -0.059456
  1.611354  -1.920323
  0.067755   0.176608
  0.922962   0.556125
  0.636237   1.686923
 -1.014790   2.550642
  1.229713   1.231839
  1.235220  -1.473766
 -0.144871   1.711337
  2.133398  -2.067748
 -1.282022   1.750795
  0.304309  -2.413117
  0.246024   1.752648
 -0.148224   3.571093
 -0.058629   1.803019
  1.226024   1.322571
 -0.286953   1.544425
  0.817003  -1.335333
  0.246093  -0.219060
  0.582231  -0.537488
  2.882364  -0.992718
  0.103819   0.424920
  1.714946  -0.814855
  0.784162  -1.420044
  0.749343   0.010537
 -1.417725   0.864552
  1.887921  -1.980785
  0.866831   1.008024
  0.174123   2.985394
  0.740101   0.828910
  0.582709   0.548681
  2.768858  -0.891886
 -0.568265   2.689411
  0.128570  -1.981945
  1.051194  -2.293570
  2.839728  -3.279263
  1.022981  -1.151224
  2.012288  -3.213999
  1.582096  -1.585186
  1.549822  -1.851954
  2.148412  -0.115970
  3.331901  -3.599179
  0.907687  -1.499045
  0.388957   0.160698
  0.938641  -0.822369
  0.357725   1.017398
 -1.916401   3.146140
  0.612715  -1.398635
  0.886280   0.768354
  0.300874   0.329407
  0.476623  -0.166251
  2.136768  -2.459314
  0.784044   1.148749
  0.677700   0.185900
 -0.006511  -0.738007
  0.022805   3.723571
  0.602447  -0.005033
  0.848254   0.440439
  1.142989   0.188477
  2.601857  -3.565679
  2.224089  -0.060613
 -0.659691   2.223032
  2.705255  -1.938295
 -0.445045   3.293669
  3.632191  -3.030213
  0.977229  -2.121287
  0.210093   0.858292
 -1.619730   4.479288
  0.227048   2.321773
  2.458248  -1.496207
  0.279943  -1.251073
  0.169682   2.250189
 -0.784135   1.999576
 -0.631778   2.118068
  0.019702   2.653085
  1.109309   0.286710
 -1.549276  -1.509424
  1.508641  -2.687268
  0.181292  -0.087726
  1.655640  -2.413619
  0.700501   0.475453
  0.201555   1.071426
  1.298034  -1.262797
  1.256143   1.036670
  3.033248  -3.456449
 -0.763792   1.627156
 -0.074031   0.412158
 -0.662086   0.840060
  0.058828   1.124874
  0.167213  -0.754549
  0.214113   0.495862
  0.155445   1.945877
  0.108645   1.981968
  0.485802  -1.802762
  1.186854   0.198588
  1.987860  -1.805332
  0.282891   1.334544
  2.785212  -1.999718
  1.710177  -1.301274
  2.097824  -1.400091
 -0.421224   2.368185
 -1.389339   3.670733
  1.099250  -1.092954
  1.132874  -1.830839
 -1.216292   2.080587
 -1.006716   3.567318
  1.101675   0.223467
  1.879506  -0.646641
  2.263688  -2.117144
 -0.317820   0.585555
  1.347633   2.023062
  1.410853  -0.687947
  0.673408   0.282437
 -0.481693   1.375995
 -0.549801   1.872307
  1.559728  -1.125162
 -1.180607   1.282871
  0.361590   1.291465
  0.834545   1.868245
  1.948851  -0.982274
  0.318117  -0.150387
 -0.877332   2.248678
  1.080870   1.066545
 -0.152794   3.465821
  2.766135  -3.881715
 -0.281608   1.604476
  0.914161  -0.489102
  3.021015  -1.832416
  1.904999  -0.948999
  0.703967  -0.424864
  1.297856  -2.607961
  3.473314  -4.498250
  2.318039  -2.380150
 -0.796473   1.753129
  0.891228   1.481467
  1.935517  -1.907567
 -1.046946   2.833025
  1.016030   1.005981
  0.625983   0.659169
  1.035356  -0.008659
 -0.192692   0.622955
 -1.390732   3.811634
 -0.550662   3.755900
  2.831973  -1.689327
  0.554083   0.836670
 -0.379666   1.868516
  2.355261  -0.443720
  1.763155  -1.382640
 -0.260522   0.822998
  1.920031  -0.528706
  1.980458  -1.613506
 -0.193027   2.437650
  1.358752  -2.266322
  0.255332   2.425231
  2.150443  -2.329363
 -0.733232   2.295965
  0.255286   0.258521
  1.626360   0.042575
  0.652540  -1.364207
  1.390811  -1.825820
  2.647919  -0.071787
  0.247150  -0.344611
 -0.521555   0.910921
  2.486022  -1.773855
  0.230350  -0.111116
  1.067921   0.027086
  0.018495   2.527312
 -1.078322   2.504285
 -0.410598   3.705915
  2.237602  -3.302213
  0.243374   0.494072
  0.559102  -0.595972
  1.041839   0.326178
  2.078946  -2.885008
  0.924747  -2.103463
  0.424305   0.145801
 -0.217793  -0.801537
  1.394069  -1.625408
 -1.654942   2.451258
 -0.588380  -0.182859
  1.533795  -0.027245
  1.210487   0.048175
 -0.729315   1.245837
  1.353773  -2.173976
  1.250127  -0.700834
 -0.634977   1.687469
  0.679464  -2.308762
  2.501509  -0.288803
  0.136905   1.491328
 -0.782823  -0.050314
  0.842461   2.508812
  0.075163   0.853921
  0.336090  -1.052567
  1.198204  -1.424482
  0.640414   0.679369
  0.309405  -0.980023
 -0.453976   1.101448
 -0.222159   1.272988
 -0.445787   1.150297
  0.015371   1.356936
  2.730227  -3.001535
  0.883203  -0.231297
  0.079211   1.264823
  0.616747  -2.290548
  1.034332  -2.426301
  1.048945  -1.415969
  1.070016  -0.056157
  1.945657  -0.956799
  0.335186  -0.155104
  1.081928   1.418060
 -0.022199   2.524235
 -1.402726   2.596133
 -0.021578   5.171235
  2.331995  -2.105726
  0.281925   1.979188
  1.873866  -1.191791
  1.435504  -2.673447
 -0.015767   3.418416
  2.912621  -3.644586
  1.701609  -0.820264
  1.690545   1.423567
 -0.341730   2.315003
 -0.036344   1.620967
  1.448470  -0.781629
  2.068961  -1.053319
  0.633822   2.652619
  2.668906  -2.624889
  0.568953   0.180200
  1.537416  -1.262749
  0.722826  -0.234219
  1.958528  -1.425411
  0.321978   1.491002
  0.671285   0.431655
 -0.989610   1.396394
  1.013621   1.909919
  0.832100  -0.917652
  1.318183  -0.848961
  1.092187  -0.082426
 -0.012506  -0.887081
  1.489185  -1.873385
  3.711320  -4.879396
  0.042743  -2.139268
  1.719280   1.645378
  0.068930   0.164825
 -0.345082   2.557316
 -0.569414   1.832380
  1.387892  -1.733979
  0.747934   0.184522
  1.693984  -0.411391
  0.520199  -0.873936
 -0.657518   3.364029
  0.454673   2.029981
  0.627485   0.260015
  1.391521   0.204113
 -0.639557   0.424048
 -1.402654   3.500530
  1.234509  -0.504619
 -0.213365   3.327511
  0.173387  -0.234116
  1.287460   2.016028
  0.729511   0.279625
  0.886191   0.605655
  2.022529   0.456681
  1.896055   0.189674
  0.734192  -0.807948
  0.125829  -0.126618
 -0.627885   0.776914
  1.042825   1.177877
  3.345411  -3.042619
  1.911693  -1.698047
  0.963222   0.075009
 -0.565442   3.057671
 -0.682501   1.755228
  0.098375   1.385031
 -3.495243   2.520932
  1.200238  -1.114797
  2.150173  -2.734758
  0.850313  -0.661221
  0.355046  -0.216150
  2.259271  -2.087184
  0.233981   0.255729
  0.033854   1.883145
  1.728782   0.792383
  0.752163  -1.625505
 -0.055117   3.312205
  1.655449   0.695439
  0.159601   1.051266
  2.367051   0.201587
 -0.013192   1.440810
  0.057451  -0.171512
 -0.033549   2.531597
  1.061183   2.553966
  2.213282  -2.457336
  1.149367  -1.457040
