$title=DATA4
  0.451621  -0.905490
  0.228858   0.605819
 -1.147683  -0.426394
  0.988464  -0.339119
 -0.724671   0.198578
 -1.193425  -0.679019
  0.793874  -1.537537
 -0.542790  -0.284885
  1.510408  -0.472793
 -0.829749  -1.216614
  1.095920  -1.905392
 -0.976579  -0.833484
 -0.541306  -1.423487
  0.169745   0.282733
  1.261046   0.317473
 -1.460005  -1.436255
 -0.269528  -1.247699
 -1.861309  -0.915024
 -0.143265  -1.011532
  1.573373   0.245104
 -1.800319  -1.733204
  0.087246  -0.163879
 -1.058931  -1.259380
  0.591560  -0.859664
 -0.663732  -2.088242
 -1.065576  -0.174271
 -1.150085  -1.255928
 -0.773776   0.403535
 -0.104409  -0.882069
 -0.243003  -1.447646
 -0.531014  -0.052417
  0.568463  -0.420980
 -0.616835  -1.911412
  1.024950  -1.774703
  1.747658  -0.243210
 -0.215618  -2.000082
 -0.362586  -0.729248
 -0.435951  -0.179119
 -1.930711  -1.229468
 -1.507291   0.202930
 -2.072381  -0.693607
 -0.417760  -0.375703
 -0.963779  -2.132092
  0.451601  -0.796671
  0.220477  -2.319140
  1.621583  -0.633873
 -0.198851  -1.090746
 -1.094977  -0.890392
  0.839178   0.206162
  0.079908  -0.862472
  0.542063  -0.292066
  0.543000   0.651746
 -1.018392  -1.458187
 -0.232834  -0.686331
 -0.873737  -1.214013
 -0.586729  -0.505440
 -1.039713  -1.600566
  2.056467   0.326472
  0.891084  -0.775161
  0.064549  -1.265349
 -0.510128  -0.798724
 -1.365074  -0.412512
  0.501091  -0.795113
  0.525569  -1.457869
 -0.022953   0.982902
 -0.839881  -1.085932
 -0.250354  -0.935984
 -1.252881  -1.394653
  0.589640  -0.276189
 -0.540563  -1.177879
 -0.579535  -0.476431
  1.504652  -0.516262
 -0.368976  -1.774965
 -1.896705  -1.230011
  0.965285   0.392804
  0.474456  -0.529650
  0.891247  -0.837671
 -1.299938  -0.912921
  0.518387  -1.926561
 -0.935024  -0.670127
  1.457463   0.013520
  1.779680  -1.534117
 -1.128406  -1.317425
 -0.708484  -1.384241
 -0.339624  -1.914604
 -1.165385  -0.566222
 -0.234617  -0.670306
 -0.232437  -1.512617
  0.662944   0.079060
 -0.146732  -0.983884
  0.862079   0.430015
  0.770740  -0.932844
  0.479734  -2.396659
 -0.303987  -0.709005
 -1.782067  -0.947796
 -0.413814  -2.197788
 -0.625505  -0.183120
 -0.722809  -0.659934
 -1.357660  -1.119400
 -0.690571  -1.436292
 -0.294356   0.033942
  0.209916   0.083872
 -0.728657  -1.205683
  1.512767  -0.158858
 -0.313818   0.497175
 -1.216890   0.272292
 -0.048623   0.619209
 -0.728352  -0.978215
 -0.294235  -1.197997
 -0.690938  -1.484389
  0.263582   0.174756
 -1.963699   0.284343
 -0.508169  -1.371397
 -0.300738  -0.770635
  1.032905  -0.435475
  0.010076  -0.423008
  1.266703  -0.132694
  0.267937  -2.191576
  1.061781  -0.318342
 -0.054246  -1.174190
 -0.458971   0.850584
  0.224708   0.503235
 -1.838806  -0.661198
 -1.509906  -1.307183
 -1.539682  -1.487498
 -0.566788  -2.920310
 -1.056349   0.345977
  0.380096   0.740840
 -0.305440  -0.614649
  0.904850   0.207612
 -0.466624  -0.056517
 -1.226819  -1.868728
  0.914538  -0.143257
  0.087404  -1.099188
  1.323426  -0.527599
 -0.871934   0.274501
 -1.328494  -1.748916
 -1.313313  -0.927933
  0.822895   0.018175
  0.542756  -0.469971
 -0.024405  -1.071682
  0.318118  -1.540443
  0.379623  -0.721391
  2.243918   1.280667
 -0.730699  -1.629579
  0.041376  -0.301750
 -0.716044  -2.432858
 -0.375095  -1.346878
  2.864638  -0.438966
  0.122610  -0.442227
 -0.998013  -0.367260
 -1.248592  -0.530759
  0.071153   0.306168
 -0.731593  -0.305335
 -0.308304  -1.784294
 -1.116270  -0.597399
 -2.117972  -1.319348
  0.865282  -1.742576
 -2.284976  -1.017159
 -0.382307  -0.700722
  0.692082  -1.101151
  0.668704  -0.714979
 -0.239014  -1.189486
 -0.318483  -0.540815
 -0.576634  -0.776910
 -0.865298  -2.296324
 -0.372514  -2.473677
  0.865977  -0.470801
  0.480170   0.007799
  0.596904  -0.504023
  0.394518  -0.174222
 -0.559152  -0.339114
 -0.633230   0.642544
 -0.036210   0.477406
  0.840705  -0.482139
  0.125532  -0.196875
 -0.656767  -1.997863
 -0.155164   0.683321
 -1.656987  -0.490846
  0.698116  -0.948748
 -0.414623  -1.245724
 -1.334176  -0.787093
  0.633777   0.235749
 -0.265171   1.066733
  1.024729  -0.071917
  0.808261  -0.890146
  1.281810  -0.280556
  0.682341   0.542080
 -0.453632  -1.645924
  0.137525  -1.299044
 -0.749369  -0.816434
 -1.173980  -1.157791
 -0.510722  -0.957869
 -0.915446  -1.159358
 -0.853171  -1.615318
 -2.532095  -1.199652
 -0.797813  -2.251985
  1.254297   0.529282
 -0.471941  -0.630551
 -0.876589  -0.365763
 -1.141766  -0.550912
 -1.085986   0.253152
  0.418991  -1.559630
 -0.176337  -0.862625
 -0.507527  -0.796714
 -0.362604  -0.932776
 -2.229117  -0.831503
  1.421184  -0.041077
 -0.944823  -1.742281
 -1.342830  -1.088100
  0.471356  -1.021363
 -0.602568  -1.449314
  0.007194  -1.569608
  0.839603  -0.078561
 -0.307059  -0.244389
 -1.792156  -1.575208
  0.177846   0.054607
 -0.697514  -1.892542
  0.889406   0.366014
  0.842667  -1.377076
  1.197107  -1.701146
  1.186968   0.624520
  0.869868  -1.441453
  0.780347  -0.937771
  0.295258  -0.756790
  1.469428  -0.132472
  0.338685  -0.503405
  0.681514  -1.257274
  0.592511  -0.061239
  0.119164  -0.228522
 -1.105767  -3.540976
 -0.037149  -2.032541
 -0.497657  -1.763789
 -1.668918  -2.001518
 -0.839104  -0.974363
 -0.405775   0.521167
 -1.251393  -0.962055
 -2.325863  -2.035737
  0.409180  -1.167708
 -0.887712  -2.290494
  0.744415  -1.509969
  1.123884  -0.785708
  0.483112  -0.168959
 -0.100407  -0.553769
  1.839734  -0.622677
  1.408153   0.035857
 -0.128461  -0.432453
 -0.650969  -2.101695
 -0.947393  -0.919286
 -0.701961   0.308472
 -0.129131   0.963745
 -0.665761  -1.140043
 -2.675724  -1.146611
 -2.154962  -1.060225
 -0.104650  -0.669282
 -1.563072  -1.235138
  0.393468   0.178311
 -0.505965  -0.877401
 -0.452919   0.871811
 -0.981656  -0.290103
  1.030674  -0.135421
 -0.757546  -1.192482
 -0.302791  -1.060434
 -0.392924  -1.876694
  0.991028  -1.805775
  0.270071  -1.027188
  1.328754   0.296789
  0.615902  -0.997047
  0.902161  -1.488433
  0.274354  -1.571791
 -0.315759  -0.924142
 -1.102911   0.091384
  0.822058   0.518462
 -0.472910  -0.595561
 -1.201717  -1.516097
 -1.155009  -0.615748
  1.326660   0.889133
 -0.791560  -2.036071
 -0.017532  -0.393925
 -1.462249  -1.975196
 -1.050731  -1.405424
  0.102107   0.322085
 -0.419077  -0.916405
 -0.616430  -1.468129
  2.253892   0.453602
  0.409770  -0.076401
  0.263156  -0.929636
  0.915275   0.345192
  2.025822   0.383979
 -0.899025  -2.071205
  0.434264  -0.349259
 -1.291868  -1.489647
  0.767818  -0.136334
 -1.214073   0.129368
 -0.889835  -0.627195
 -0.752423  -0.520813
  0.896027  -0.650134
 -0.011559  -0.351856
  0.386122  -1.445100
  0.659049   1.083802
  0.317474  -0.968676
  1.426374   0.090063
  0.070972  -1.500264
  0.047799  -0.790954
  0.790621  -1.823801
 -0.818926  -0.662413
  0.870066  -0.243412
  0.127101  -1.093009
 -0.603716  -1.767687
 -0.451987   0.083030
  2.051811   1.963974
  0.603391  -0.422580
  0.268759  -0.870953
  0.505469  -1.820005
  1.177831  -0.199202
 -0.104576  -0.854142
  0.060464  -1.268361
 -1.474702  -0.685596
 -0.337518  -0.038575
 -0.874354  -0.821221
 -0.149121   0.625517
  1.703380  -0.658320
  1.243252   0.439480
  0.486225   0.633904
  0.282917  -0.714754
 -0.695572  -1.335018
  0.662196  -0.370217
  0.510877  -1.025739
 -0.356278  -1.456552
  0.454901  -1.162634
  1.057252  -0.276466
  0.417560  -0.840766
  0.485934  -0.167703
 -0.737492  -2.171077
 -0.426302  -0.299304
 -0.780131  -0.056737
  0.260637  -0.174251
 -2.315497  -0.869827
 -0.353047   0.168244
  0.673947   0.465941
  1.288749  -1.756660
 -0.247799  -0.876121
  0.186667   0.041946
  1.270317  -1.233001
  0.247273   0.087294
  1.578802  -1.516364
 -0.855684  -0.766490
 -2.148079  -0.761659
 -0.799812  -2.037922
  0.129163  -0.267225
 -1.510387  -1.197202
 -0.393291  -1.445743
  2.080967  -0.376512
 -0.054764  -0.255787
 -0.381030   0.821345
 -0.770283  -0.349809
  0.057963  -1.278694
 -1.249600  -1.974037
  1.188986  -0.600440
 -2.543074  -2.231322
 -1.480846  -1.439338
  0.194534  -1.853859
 -0.335889  -2.045725
  0.675763  -0.087640
  0.776250  -0.540475
 -0.187713  -1.285331
 -1.047356  -2.080449
 -1.067672  -1.179126
 -2.317612  -1.013780
  0.169003  -0.677263
 -0.025428   0.307099
  2.537290   0.413457
  0.093296  -0.036549
 -0.287048  -0.979553
 -0.208935  -0.616151
  0.573008  -1.498757
  1.144612  -0.574053
  0.176253   0.206489
 -2.319294  -1.776452
  0.703001   0.249336
 -0.142127  -0.957344
  1.173539  -2.362118
 -1.347128  -0.792916
 -0.924738  -1.180664
 -0.233363  -1.733627
 -0.178155   0.008694
 -1.541629  -2.201174
 -0.758940  -0.651092
 -0.091878  -1.442302
 -0.328080  -0.419437
 -1.568052  -2.589430
 -0.563856  -1.867693
 -0.470745  -0.339280
 -0.592630  -2.384152
 -0.075370  -0.549062
  0.888019  -1.136194
 -0.508419  -1.040461
  1.464655  -0.320068
  0.681797  -2.174337
 -1.318326   0.094988
  0.432202   0.587690
 -0.366445  -1.505607
 -0.091680   0.951331
 -0.373086  -1.515349
 -0.484740  -1.935586
  0.241119   0.507262
  1.963976  -0.152615
 -1.215387  -0.625852
  0.468453  -1.359051
 -0.482933  -0.385054
 -1.065077  -1.702528
  0.872320   0.114167
 -1.331831  -1.998761
 -0.867498  -1.300723
 -0.359771   0.092264
  0.122894   0.204984
 -1.352882  -1.189458
 -0.738347   0.614874
 -0.620828  -1.662637
 -2.737573  -2.726792
 -0.661011  -1.471107
 -1.409106  -0.243906
 -0.086547  -0.967661
 -1.795087  -3.060541
  0.029450  -1.746483
  0.877397  -0.930937
 -0.075875  -1.470731
  1.653217  -1.342260
 -1.395637  -1.310091
  1.020221  -0.368254
 -0.454169  -0.667058
 -1.055225  -1.186590
 -0.652230  -0.754673
 -0.580723  -0.308995
  0.643178   0.179552
 -0.056304  -1.252341
 -1.122444  -0.625677
  0.541671   0.159205
  0.982540   0.631185
  0.446420   0.476889
 -0.958438  -1.577874
  0.094293  -0.432075
 -0.332885  -1.341794
  1.672928  -1.234261
  0.598219  -0.363040
  0.595130  -1.156629
  1.313388  -2.681443
 -1.349340  -0.875263
 -1.160363  -1.445733
  1.388501  -0.102102
 -0.324746  -1.737172
  0.781357  -0.203163
 -0.018052  -0.422363
 -0.152949  -1.324503
 -1.861764  -1.274973
 -0.572015  -0.369952
  0.348397   1.082046
 -1.083005   0.059046
 -1.066429  -0.628905
 -0.236563  -1.448969
 -2.342601  -1.990672
  0.050844  -1.171874
  0.376479  -1.461833
 -0.713231  -0.798720
  1.172524  -0.713826
  0.252272  -0.627498
  0.416582  -0.987947
 -1.530899  -1.047841
 -0.786749  -1.804428
 -0.870475   0.243796
 -0.905639  -2.900837
 -1.070723  -0.846167
 -0.273543   0.154287
  1.178287   0.507384
  1.520535  -0.274726
 -0.100056  -1.819430
 -1.880696  -0.544297
 -0.953898  -1.362790
 -1.257831  -0.456860
 -1.877059  -2.059447
  0.291211  -0.224870
  0.422100   0.009629
 -1.100434  -2.809344
  0.581212  -0.804410
 -2.257545  -2.452637
 -0.975456  -1.799223
  0.494909  -0.774248
  0.314046  -1.740098
 -0.682952  -0.858039
 -0.827082  -1.427352
 -1.429638   0.074693
 -0.579468   0.057124
  0.912555  -1.095993
 -0.271986  -0.546657
  1.350174  -0.029621
 -0.702073  -1.261693
 -0.910245   1.084887
 -0.325851  -0.557384
  0.693719   0.314265
 -1.391404  -1.532741
 -1.137879  -1.106015
  0.448425   0.604041
  1.170574  -0.330209
 -1.172224  -0.911243
 -0.724431  -1.380119
 -0.234016  -0.318635
 -0.504004   0.180969
 -0.855176  -0.938937
  0.311568  -1.060112
 -1.679470  -1.527584
 -0.453491  -1.410092
  0.544882   0.156600
  0.278369   0.011247
 -1.702768  -0.711524
  0.537981  -1.086832
  0.924288  -0.707860
 -1.281776  -1.403882
 -0.401003  -1.679930
 -2.305474  -1.962872
  0.101027  -0.581811
 -0.779475  -1.106372
  0.022247  -2.523789
 -0.483890  -2.042913
  1.400901   0.015794
 -0.534612   0.583578
 -0.943317  -0.711484
 -0.138897  -0.898018
  0.064145   0.864142
 -0.088126  -1.816821
  2.031034  -1.292914
 -1.394295  -1.146952
 -0.523170  -0.589369
 -0.650629  -1.540027
 -0.755962  -1.554452
 -0.449342  -0.778839
 -1.608812  -0.774282
  0.980781  -0.670600
  0.051626  -2.222384
 -1.338561   0.022320
 -0.018501  -2.128198
 -0.925104   0.447212
  1.403602   0.326854
 -0.461652  -1.343670
 -1.157158  -1.973561
  2.020748   0.527730
  0.068150  -0.583682
  1.039095   0.204161
  0.765477   0.703703
 -0.665339  -1.855508
 -1.276077  -0.737303
  0.057124  -0.758151
  0.512999  -2.289007
 -1.928656  -1.584851
 -0.069968  -0.749788
 -0.483178  -1.466413
  0.210091  -0.881171
 -0.745401  -0.003607
  1.117400  -1.011634
 -0.175005  -0.808011
  0.723601  -0.468604
  0.090852  -1.332564
 -0.828443  -1.147718
 -2.148121  -0.937976
  0.211993   0.275903
 -0.640387  -1.456986
  0.357555  -1.275317
 -0.229023  -0.979383
 -2.924665  -1.675064
 -0.341367  -0.778040
  0.433347  -0.529686
 -1.169107  -0.922903
 -0.976037  -2.179728
  1.446356  -1.256447
  0.458466  -0.319027
  0.345170  -1.240797
  0.058235  -0.270239
 -0.309283  -0.267763
  0.396558  -0.537238
 -0.572050  -1.082469
 -0.663739  -0.491854
  0.585411   0.569801
 -0.472854  -1.527369
  0.934116  -0.122022
 -0.975707  -1.052740
  0.100547  -1.188194
 -0.866793  -1.069306
  0.839014  -0.524199
 -0.909196  -1.300622
  0.160305  -1.142029
 -0.122198  -0.325393
  0.141911  -0.990245
 -0.781231  -1.462473
 -1.928355  -1.593533
 -1.155682   0.129618
 -0.102619  -1.696844
  0.518714   0.231708
 -0.100891  -2.333702
  0.794957   0.009451
 -0.082362  -0.598934
 -1.017519  -1.916797
 -0.162447   0.287315
 -1.311802  -1.502733
  0.394939  -1.223076
 -0.552848  -1.341034
 -0.534697  -0.325149
  1.275353  -0.742677
  0.297749   0.118843
 -1.135942  -1.319750
  0.942573  -0.035159
  0.012205  -0.898011
  0.760756   0.122809
  0.852588  -0.832177
  0.730881  -0.144577
 -1.035601  -0.371309
 -0.316097   0.920279
 -0.494309  -1.270158
  0.522509  -1.987020
 -0.068816  -0.326729
 -0.888002  -2.158312
  1.117827  -0.277385
  0.545699   0.057368
 -1.166800  -1.156047
 -1.873900  -0.969738
  0.756325  -1.084904
 -0.653028  -0.254022
  1.099441  -0.533655
 -0.790193  -1.210281
 -0.277973  -0.932926
  0.877888  -0.723682
 -0.691876  -0.613393
 -1.520270  -0.011460
  0.027037  -1.012555
  0.676140   0.201905
  1.040135  -1.337172
  1.063636  -0.194653
 -0.490949  -1.582478
 -0.371301  -2.235881
  0.604033  -0.303411
 -0.949007  -0.545891
  0.987721  -1.350902
 -1.616152  -1.474003
  1.972053  -0.206030
  0.129176  -0.826361
 -0.957959  -0.438867
 -0.092353  -1.615912
 -0.235452  -0.451511
  0.431653  -1.511506
 -2.149680  -0.987805
  0.407930  -1.794667
 -0.829750  -1.229273
 -1.581542   1.267839
  0.172142  -0.554372
 -1.511062  -2.196784
 -0.619571  -0.675993
  1.284924   0.143482
  0.347889  -1.007630
  0.094005  -1.892509
 -0.738453  -1.558023
 -0.857383  -1.090452
 -0.813451  -1.398748
  1.326568  -0.778232
  1.355950  -0.211696
 -1.468896  -1.495604
 -0.976796  -1.024387
 -0.516014  -1.460947
 -1.653428  -1.727862
 -2.097937  -0.220706
  0.578148  -0.145123
 -0.282597   0.150372
 -0.577517  -0.995223
 -0.434691   0.942671
 -0.364795  -0.762252
 -0.273286  -1.675223
 -1.207744  -1.450488
  2.688640  -1.095236
 -0.149225  -0.782122
  0.057967  -0.303860
  0.184418   0.769044
 -0.112097  -2.888394
 -0.666736  -1.176739
  0.205381  -1.541820
 -0.134460  -1.217065
  1.465269  -0.014351
  0.935478  -0.222670
  0.040614   1.278199
 -0.054937   0.037530
  0.880894  -0.155066
  0.977632   0.062465
 -0.714509  -1.539581
 -0.256463  -1.189782
 -1.563906  -0.801280
 -0.782200  -0.031707
  1.064328  -1.065039
  2.054423  -0.088053
 -0.269490  -1.095753
  0.096997  -0.998550
 -0.715952  -0.863324
 -1.015766  -1.618206
  0.061771  -0.914463
 -0.299279  -0.874750
  0.490825   0.243115
 -1.350171  -1.175257
 -0.141255  -1.523915
  0.348654  -0.322314
  0.330729  -0.974472
 -1.923992  -1.817720
 -0.426349  -3.535125
 -0.624303  -0.358156
 -0.504705  -0.734342
 -0.637794  -0.592589
 -0.733405   0.260759
 -0.147495  -0.940039
 -1.839333  -1.545781
  0.059339  -0.443527
  0.684518  -0.515164
  0.250641  -0.595598
 -1.355983  -0.903687
 -0.994187  -0.357882
 -1.374389  -0.575852
 -0.004963  -0.019221
 -0.255466  -1.383053
  1.654803  -0.247932
 -1.074677  -1.325277
 -0.096199  -0.218314
 -0.362644   0.874665
 -1.162048  -1.128410
  0.162870  -1.203113
 -0.503483  -1.810477
  0.433990   0.831231
  0.397625  -0.871763
 -0.683492  -1.075960
  0.060527  -0.769598
  1.400669  -0.254231
  0.519742  -2.152541
 -3.139391  -0.739239
 -0.631732  -1.095144
 -0.337617  -1.201564
  0.114845   0.862193
  1.692676  -0.608122
 -0.186670  -1.969448
  2.898555   0.322616
  0.746947  -0.300216
  1.195548   0.760998
  0.080148  -0.969114
 -1.152521  -1.913931
 -0.757598   0.033590
  0.193486   0.385574
  1.426922   0.144703
  0.384801  -0.715067
  1.108114  -1.323068
 -0.543100  -1.357461
  0.424585  -0.561036
 -1.627441  -0.550237
 -0.032641  -0.808504
  1.399734  -0.773337
 -0.284011  -0.256432
 -0.853810  -1.182652
  0.359911  -0.861367
 -0.677112  -2.007235
 -0.383059  -2.104991
 -0.669043   0.543329
  0.248941  -1.552193
 -0.072448  -0.252600
 -0.112547   0.265296
 -0.068578  -0.285905
  1.265129  -0.000711
 -0.113832  -1.033069
  1.018792  -0.281401
 -0.377039   0.220029
  0.985512  -0.185236
 -1.648520   0.293381
 -0.861927  -2.265318
  0.338691  -0.137542
 -2.165585  -1.936316
 -1.244149  -1.645617
 -1.051886  -0.533797
  1.806943   0.995730
  1.001247   0.764632
  0.603671  -1.219295
  0.164534  -0.606850
  1.229760  -1.241443
 -0.840823  -0.621342
  0.161339   1.635097
 -0.065491   0.097444
  0.449446  -1.255170
 -0.051348  -0.931317
 -1.391716  -2.649929
  1.697173  -0.533093
  0.679133   0.879794
  0.490834  -2.590759
 -0.632111  -1.791507
  0.764107   0.638381
  0.385234  -0.814749
 -0.859297  -0.964949
  1.018025   0.151359
 -1.327392   0.312060
 -0.562294  -0.157598
 -0.703509  -1.174493
 -0.178386  -0.358195
  0.780999   0.161741
  1.445734  -0.368725
 -0.123547  -2.867947
 -0.850902  -1.194294
 -0.822630  -1.604422
 -0.106347  -0.348826
 -1.908671  -0.061860
 -0.418150   0.028294
  0.286319  -1.100207
 -0.255695  -0.863274
  0.457349  -0.579554
 -0.779577  -1.665057
 -1.561094  -2.867350
 -1.124245  -1.846884
 -0.425434  -0.606748
  1.225240  -0.634220
  0.547643  -1.342744
 -0.551358  -0.967101
  0.026190  -1.919775
 -1.446671  -2.158909
 -0.771400  -1.453568
  1.167103   0.832743
 -0.870069  -0.048160
 -0.892446  -0.204165
 -1.827478  -2.119266
 -0.241058  -0.799818
 -0.282614  -2.351343
  1.409719  -0.243789
  0.304606  -0.653256
  1.320714  -0.186848
  0.084061  -1.751546
  0.698103  -1.388970
  1.144588  -0.566195
 -0.184848  -0.404529
  0.658503  -0.258770
 -1.444915  -0.880992
 -2.329030  -1.972582
 -0.234994  -1.628722
 -0.319864  -2.157612
  1.873531  -1.034337
 -1.724444  -0.391253
  0.539396  -1.397002
 -0.535287  -1.007201
 -0.003146  -0.184740
 -0.511106  -0.738697
 -0.078025  -0.657762
 -0.284369  -0.834706
  0.917851  -0.596361
 -0.296054  -0.728292
  1.300005  -0.016683
  0.041118  -1.722973
 -0.234340  -1.974572
  0.162225  -1.138586
 -0.474226  -0.944202
 -0.937104  -2.159270
  1.410768  -0.045033
  1.277157  -0.137797
  0.468468  -0.659327
 -0.511245  -1.694930
 -0.506269  -0.816356
  0.239258  -1.119451
 -0.740082  -0.885818
 -2.213001  -1.572752
  0.783455   1.057893
  0.788740  -1.636503
  1.743205  -1.046962
 -0.362123  -0.008827
 -1.121668   0.900156
  0.333428  -1.976855
 -1.237794  -1.157892
  0.142826  -1.454798
 -0.355517  -1.327511
 -1.136797  -1.411743
 -0.658124  -1.879511
 -0.435594  -1.257415
 -1.697849   0.117395
  0.806056  -1.058651
  0.285768  -0.395277
 -0.436023  -1.032206
  0.217730  -0.862386
  0.432843  -0.898523
 -0.912321  -0.570422
  0.312286  -0.202942
 -0.624039  -0.073906
  0.106229  -1.595798
  0.287479  -0.741698
 -0.578486  -1.280816
 -0.371680  -1.685237
  1.734252   0.678027
  0.104350   0.186542
  0.909973  -0.344626
 -0.217087  -1.365254
  0.500738   0.089568
 -0.192899  -0.206136
 -1.367522  -1.575196
 -1.830299  -1.534265
 -0.911779  -1.460845
  1.489663  -0.869914
 -1.544759  -2.034487
 -1.349381   0.244218
 -0.396815  -0.981451
 -2.553765  -1.788010
  0.186079   0.662988
 -1.937624  -1.388896
  1.025436  -1.304557
  0.135209   0.503919
  1.019125  -0.487424
 -0.756160  -0.510300
 -0.467482  -1.451200
  0.416769   0.267538
  1.170440   0.493522
  2.629400  -1.019157
  0.831628  -0.893478
  1.374132  -1.444739
 -0.752749  -1.662166
 -1.185998  -1.587246
  1.852570  -0.306985
  1.496705   0.741267
  0.323441  -0.650753
 -1.084998  -1.230958
 -1.369084  -1.553651
 -1.685913  -0.512283
  0.247961  -0.751117
  0.623293  -1.941454
  0.838772  -0.065661
 -0.696434  -1.037861
 -0.904840  -1.155645
  1.308378   0.363515
  0.010989  -1.036441
  0.391085  -0.805528
 -0.922528   0.880029
 -1.139563  -2.852207
 -1.254300  -2.214144
 -0.555278  -1.879309
  0.324234  -1.341023
  0.298514  -0.390022
  0.933432   0.479335
 -1.349211  -0.767828
  0.777907  -0.925359
  1.924021  -1.716584
  0.600687   0.225012
 -1.470653  -2.670434
 -0.480550  -0.049616
  0.268580  -1.314162
 -0.363087  -0.798003
 -0.679282   0.611265
 -0.415024  -2.868037
 -0.059167   0.196290
 -2.483801  -0.908315
 -1.241977  -0.751686
  2.291494   0.216654
  0.810445  -0.684467
 -0.098448  -1.042056
 -0.502856  -2.568002
  0.230289  -1.819102
 -0.040433  -1.531599
  0.123873  -0.189122
  1.235366  -1.248889
 -2.293615  -1.259200
  0.021314  -0.513504
 -2.435647  -1.895499
  0.650148   0.393833
 -0.066866   1.151499
  1.123025  -0.093053
  0.640404   0.109803
 -0.994192  -1.721486
 -0.926837  -0.810435
  0.821091  -1.661346
 -0.341712  -0.430608
  0.329574  -1.154730
 -0.945524  -1.417351
  0.641350  -0.876900
 -1.775054  -0.492789
  1.397432  -0.391583
 -0.453162  -0.781160
  1.315273   0.093621
  0.548632  -0.346842
  0.885342  -0.106542
 -1.721676  -1.003692
 -0.052583  -0.077410
 -0.565212   0.059725
  1.239484   0.126145
  0.783717  -0.291213
 -0.430472  -1.674863
 -0.092598  -0.307532
 -0.703652  -2.199403
 -1.404808  -0.071781
  0.897367  -2.007000
  0.827051  -0.651664
 -0.761927   0.758642
  0.016308  -1.310309
 -0.323747   0.933118
  0.753769  -0.803483
  0.951248  -2.271837
 -0.611689  -0.795708
 -1.676804  -1.627565
  0.239169  -1.218330
 -1.286461  -0.825332
 -1.463251  -1.831786
 -1.250356  -0.814887
 -1.605577  -1.919556
